OpenLane v1.0.2 (ff5509f65b17bfa4068d5336495ab1718987ff69)
All rights reserved. (c) 2020-2025 Efabless Corporation and contributors.
Available under the Apache License, version 2.0. See the LICENSE file for more details.

[INFO]: Using configuration in '../home/yashwanth/aurora_v1/openlane/tensor/tensor_cluster/config.json'...
[INFO]: PDK Root: /home/yashwanth/ciel/sky130/versions/0fe599b2afb6708d281543108caf8310912f54af
[INFO]: Process Design Kit: sky130B
[INFO]: Standard Cell Library: sky130_fd_sc_hd
[INFO]: Optimization Standard Cell Library: sky130_fd_sc_hd
[WARNING]: DIODE_INSERTION_STRATEGY is now deprecated; use GRT_REPAIR_ANTENNAS, DIODE_ON_PORTS and RUN_HEURISTIC_DIODE_INSERTION instead.
[INFO]: DIODE_INSERTION_STRATEGY set to 3. Setting GRT_REPAIR_ANTENNAS to 1
[INFO]: Run Directory: /home/yashwanth/aurora_v1/openlane/tensor/tensor_cluster/runs/tc7
[INFO]: Saving runtime environment...
[INFO]: Preparing LEF files for the nom corner...
[INFO]: Preparing LEF files for the min corner...
[INFO]: Preparing LEF files for the max corner...
[STEP 1]
[INFO]: Running Initial Floorplanning (log: ../home/yashwanth/aurora_v1/openlane/tensor/tensor_cluster/runs/tc7/logs/floorplan/1-initial_fp.log)...
[INFO]: Floorplanned with width 4959.72 and height 4955.84.
[STEP 2]
[INFO]: Running IO Placement...
[STEP 3]
[INFO]: Performing Manual Macro Placement (log: ../home/yashwanth/aurora_v1/openlane/tensor/tensor_cluster/runs/tc7/logs/placement/3-macro_placement.log)...
[STEP 4]
[INFO]: Running Tap/Decap Insertion (log: ../home/yashwanth/aurora_v1/openlane/tensor/tensor_cluster/runs/tc7/logs/floorplan/4-tap.log)...
[INFO]: Power planning with power {VPWR} and ground {VGND}...
[STEP 5]
[INFO]: Generating PDN (log: ../home/yashwanth/aurora_v1/openlane/tensor/tensor_cluster/runs/tc7/logs/floorplan/5-pdn.log)...
[STEP 6]
[INFO]: Running Global Placement (log: ../home/yashwanth/aurora_v1/openlane/tensor/tensor_cluster/runs/tc7/logs/placement/6-global.log)...
[STEP 7]
[INFO]: Running Single-Corner Static Timing Analysis (log: ../home/yashwanth/aurora_v1/openlane/tensor/tensor_cluster/runs/tc7/logs/placement/7-gpl_sta.log)...
[STEP 8]
[INFO]: Running Placement Resizer Design Optimizations (log: ../home/yashwanth/aurora_v1/openlane/tensor/tensor_cluster/runs/tc7/logs/placement/8-resizer.log)...
[STEP 9]
[INFO]: Running Detailed Placement (log: ../home/yashwanth/aurora_v1/openlane/tensor/tensor_cluster/runs/tc7/logs/placement/9-detailed.log)...
[STEP 10]
[INFO]: Running Single-Corner Static Timing Analysis (log: ../home/yashwanth/aurora_v1/openlane/tensor/tensor_cluster/runs/tc7/logs/placement/10-dpl_sta.log)...
[STEP 11]
[INFO]: Running Clock Tree Synthesis (log: ../home/yashwanth/aurora_v1/openlane/tensor/tensor_cluster/runs/tc7/logs/cts/11-cts.log)...
[STEP 12]
[INFO]: Running Single-Corner Static Timing Analysis (log: ../home/yashwanth/aurora_v1/openlane/tensor/tensor_cluster/runs/tc7/logs/cts/12-cts_sta.log)...
[STEP 13]
[INFO]: Running Placement Resizer Timing Optimizations (log: ../home/yashwanth/aurora_v1/openlane/tensor/tensor_cluster/runs/tc7/logs/cts/13-resizer.log)...
[STEP 14]
[INFO]: Running Global Routing Resizer Design Optimizations (log: ../home/yashwanth/aurora_v1/openlane/tensor/tensor_cluster/runs/tc7/logs/routing/14-resizer_design.log)...
