OpenLane v1.0.2 (ff5509f65b17bfa4068d5336495ab1718987ff69)
All rights reserved. (c) 2020-2025 Efabless Corporation and contributors.
Available under the Apache License, version 2.0. See the LICENSE file for more details.

[INFO]: Using configuration in '../home/yashwanth/aurora_v1/openlane/tensor/tensor_cluster/config.json'...
[INFO]: PDK Root: /home/yashwanth/ciel/sky130/versions/0fe599b2afb6708d281543108caf8310912f54af
[INFO]: Process Design Kit: sky130B
[INFO]: Standard Cell Library: sky130_fd_sc_hd
[INFO]: Optimization Standard Cell Library: sky130_fd_sc_hd
[WARNING]: DIODE_INSERTION_STRATEGY is now deprecated; use GRT_REPAIR_ANTENNAS, DIODE_ON_PORTS and RUN_HEURISTIC_DIODE_INSERTION instead.
[INFO]: DIODE_INSERTION_STRATEGY set to 3. Setting GRT_REPAIR_ANTENNAS to 1
[INFO]: Run Directory: /home/yashwanth/aurora_v1/openlane/tensor/tensor_cluster/runs/tn1
[INFO]: Saving runtime environment...
[INFO]: Preparing LEF files for the nom corner...
[INFO]: Preparing LEF files for the min corner...
[INFO]: Preparing LEF files for the max corner...
[STEP 1]
[INFO]: Running Synthesis (log: ../home/yashwanth/aurora_v1/openlane/tensor/tensor_cluster/runs/tn1/logs/synthesis/1-synthesis.log)...
[STEP 2]
[INFO]: Running Single-Corner Static Timing Analysis (log: ../home/yashwanth/aurora_v1/openlane/tensor/tensor_cluster/runs/tn1/logs/synthesis/2-sta.log)...
[STEP 3]
[INFO]: Running Initial Floorplanning (log: ../home/yashwanth/aurora_v1/openlane/tensor/tensor_cluster/runs/tn1/logs/floorplan/3-initial_fp.log)...
[INFO]: Floorplanned with width 5959.76 and height 5956.8.
[STEP 4]
[INFO]: Running IO Placement...
[STEP 5]
[INFO]: Running Global Placement (log: ../home/yashwanth/aurora_v1/openlane/tensor/tensor_cluster/runs/tn1/logs/placement/5-global.log)...
[STEP 6]
[INFO]: Running Single-Corner Static Timing Analysis (log: ../home/yashwanth/aurora_v1/openlane/tensor/tensor_cluster/runs/tn1/logs/placement/6-gpl_sta.log)...
[STEP 7]
[INFO]: Running basic macro placement (log: ../home/yashwanth/aurora_v1/openlane/tensor/tensor_cluster/runs/tn1/logs/placement/7-basic_mp.log)...
[STEP 8]
[INFO]: Running Tap/Decap Insertion (log: ../home/yashwanth/aurora_v1/openlane/tensor/tensor_cluster/runs/tn1/logs/floorplan/8-tap.log)...
[INFO]: Power planning with power {VPWR} and ground {VGND}...
[STEP 9]
[INFO]: Generating PDN (log: ../home/yashwanth/aurora_v1/openlane/tensor/tensor_cluster/runs/tn1/logs/floorplan/9-pdn.log)...
