"input" in: sky130B.lydrc:71
    Polygons (raw): 4608385 (flat)  869 (hierarchical)
    Elapsed: 0.420s  Memory: 1728.00M
"polygons" in: sky130B.lydrc:72
    Polygons (raw): 1255720 (flat)  31 (hierarchical)
    Elapsed: 0.290s  Memory: 1750.00M
"polygons" in: sky130B.lydrc:73
    Polygons (raw): 1842885 (flat)  327 (hierarchical)
    Elapsed: 0.230s  Memory: 1750.00M
"polygons" in: sky130B.lydrc:74
    Polygons (raw): 16 (flat)  1 (hierarchical)
    Elapsed: 0.280s  Memory: 1750.00M
"polygons" in: sky130B.lydrc:75
    Polygons (raw): 0 (flat)  0 (hierarchical)
    Elapsed: 0.000s  Memory: 1750.00M
"polygons" in: sky130B.lydrc:76
    Polygons (raw): 0 (flat)  0 (hierarchical)
    Elapsed: 0.000s  Memory: 1750.00M
"polygons" in: sky130B.lydrc:77
    Polygons (raw): 0 (flat)  0 (hierarchical)
    Elapsed: 0.000s  Memory: 1750.00M
"polygons" in: sky130B.lydrc:78
    Polygons (raw): 0 (flat)  0 (hierarchical)
    Elapsed: 0.000s  Memory: 1750.00M
"polygons" in: sky130B.lydrc:79
    Polygons (raw): 1701522 (flat)  260 (hierarchical)
    Elapsed: 0.230s  Memory: 1750.00M
"polygons" in: sky130B.lydrc:80
    Polygons (raw): 0 (flat)  0 (hierarchical)
    Elapsed: 0.000s  Memory: 1750.00M
"polygons" in: sky130B.lydrc:81
    Polygons (raw): 0 (flat)  0 (hierarchical)
    Elapsed: 0.000s  Memory: 1750.00M
"polygons" in: sky130B.lydrc:82
    Polygons (raw): 0 (flat)  0 (hierarchical)
    Elapsed: 0.000s  Memory: 1750.00M
"polygons" in: sky130B.lydrc:83
    Polygons (raw): 0 (flat)  0 (hierarchical)
    Elapsed: 0.000s  Memory: 1750.00M
"polygons" in: sky130B.lydrc:84
    Polygons (raw): 7910221 (flat)  2864 (hierarchical)
    Elapsed: 0.250s  Memory: 1750.00M
"polygons" in: sky130B.lydrc:85
    Polygons (raw): 0 (flat)  0 (hierarchical)
    Elapsed: 0.000s  Memory: 1750.00M
"polygons" in: sky130B.lydrc:86
    Polygons (raw): 3113929 (flat)  361 (hierarchical)
    Elapsed: 0.230s  Memory: 1750.00M
"polygons" in: sky130B.lydrc:87
    Polygons (raw): 2567873 (flat)  351 (hierarchical)
    Elapsed: 0.230s  Memory: 1750.00M
"polygons" in: sky130B.lydrc:88
    Polygons (raw): 0 (flat)  0 (hierarchical)
    Elapsed: 0.000s  Memory: 1750.00M
"polygons" in: sky130B.lydrc:89
    Polygons (raw): 0 (flat)  0 (hierarchical)
    Elapsed: 0.000s  Memory: 1750.00M
"polygons" in: sky130B.lydrc:90
    Polygons (raw): 2532353 (flat)  343 (hierarchical)
    Elapsed: 0.240s  Memory: 1750.00M
"polygons" in: sky130B.lydrc:91
    Polygons (raw): 22781437 (flat)  9499 (hierarchical)
    Elapsed: 0.240s  Memory: 1750.00M
"polygons" in: sky130B.lydrc:93
    Polygons (raw): 20209665 (flat)  698414 (hierarchical)
    Elapsed: 0.450s  Memory: 1766.00M
"polygons" in: sky130B.lydrc:94
    Polygons (raw): 28399719 (flat)  692797 (hierarchical)
    Elapsed: 0.440s  Memory: 1782.00M
"polygons" in: sky130B.lydrc:96
    Polygons (raw): 21614450 (flat)  3626036 (hierarchical)
    Elapsed: 1.440s  Memory: 1846.00M
"polygons" in: sky130B.lydrc:97
    Polygons (raw): 4408345 (flat)  1067744 (hierarchical)
    Elapsed: 0.620s  Memory: 1880.00M
"polygons" in: sky130B.lydrc:99
    Polygons (raw): 10498667 (flat)  1839041 (hierarchical)
    Elapsed: 0.900s  Memory: 1912.00M
"polygons" in: sky130B.lydrc:100
    Polygons (raw): 288230 (flat)  206507 (hierarchical)
    Elapsed: 0.350s  Memory: 1912.00M
"polygons" in: sky130B.lydrc:102
    Polygons (raw): 902998 (flat)  347109 (hierarchical)
    Elapsed: 0.400s  Memory: 1922.00M
"polygons" in: sky130B.lydrc:103
    Polygons (raw): 182653 (flat)  121343 (hierarchical)
    Elapsed: 0.310s  Memory: 1922.00M
"polygons" in: sky130B.lydrc:105
    Polygons (raw): 150761 (flat)  28566 (hierarchical)
    Elapsed: 0.280s  Memory: 1922.00M
"polygons" in: sky130B.lydrc:106
    Polygons (raw): 1434 (flat)  1434 (hierarchical)
    Elapsed: 0.270s  Memory: 1922.00M
"polygons" in: sky130B.lydrc:108
    Polygons (raw): 324 (flat)  324 (hierarchical)
    Elapsed: 0.270s  Memory: 1922.00M
"polygons" in: sky130B.lydrc:110
    Polygons (raw): 0 (flat)  0 (hierarchical)
    Elapsed: 0.010s  Memory: 1922.00M
"polygons" in: sky130B.lydrc:111
    Polygons (raw): 0 (flat)  0 (hierarchical)
    Elapsed: 0.000s  Memory: 1922.00M
"polygons" in: sky130B.lydrc:112
    Polygons (raw): 0 (flat)  0 (hierarchical)
    Elapsed: 0.000s  Memory: 1922.00M
"polygons" in: sky130B.lydrc:113
    Polygons (raw): 0 (flat)  0 (hierarchical)
    Elapsed: 0.010s  Memory: 1922.00M
"polygons" in: sky130B.lydrc:114
    Polygons (raw): 0 (flat)  0 (hierarchical)
    Elapsed: 0.000s  Memory: 1922.00M
"polygons" in: sky130B.lydrc:115
    Polygons (raw): 0 (flat)  0 (hierarchical)
    Elapsed: 0.000s  Memory: 1922.00M
"polygons" in: sky130B.lydrc:116
    Polygons (raw): 0 (flat)  0 (hierarchical)
    Elapsed: 0.010s  Memory: 1922.00M
"polygons" in: sky130B.lydrc:117
    Polygons (raw): 0 (flat)  0 (hierarchical)
    Elapsed: 0.000s  Memory: 1922.00M
"polygons" in: sky130B.lydrc:118
    Polygons (raw): 0 (flat)  0 (hierarchical)
    Elapsed: 0.000s  Memory: 1922.00M
"polygons" in: sky130B.lydrc:119
    Polygons (raw): 0 (flat)  0 (hierarchical)
    Elapsed: 0.000s  Memory: 1922.00M
"polygons" in: sky130B.lydrc:120
    Polygons (raw): 0 (flat)  0 (hierarchical)
    Elapsed: 0.000s  Memory: 1922.00M
"polygons" in: sky130B.lydrc:121
    Polygons (raw): 0 (flat)  0 (hierarchical)
    Elapsed: 0.000s  Memory: 1922.00M
"polygons" in: sky130B.lydrc:122
    Polygons (raw): 0 (flat)  0 (hierarchical)
    Elapsed: 0.000s  Memory: 1922.00M
"polygons" in: sky130B.lydrc:123
    Polygons (raw): 0 (flat)  0 (hierarchical)
    Elapsed: 0.000s  Memory: 1922.00M
"polygons" in: sky130B.lydrc:124
    Polygons (raw): 0 (flat)  0 (hierarchical)
    Elapsed: 0.000s  Memory: 1922.00M
"polygons" in: sky130B.lydrc:125
    Polygons (raw): 274560 (flat)  4 (hierarchical)
    Elapsed: 0.280s  Memory: 1922.00M
"polygons" in: sky130B.lydrc:126
    Polygons (raw): 0 (flat)  0 (hierarchical)
    Elapsed: 0.000s  Memory: 1922.00M
"polygons" in: sky130B.lydrc:127
    Polygons (raw): 2066197 (flat)  447 (hierarchical)
    Elapsed: 0.230s  Memory: 1922.00M
"polygons" in: sky130B.lydrc:128
    Polygons (raw): 0 (flat)  0 (hierarchical)
    Elapsed: 0.000s  Memory: 1922.00M
"polygons" in: sky130B.lydrc:129
    Polygons (raw): 0 (flat)  0 (hierarchical)
    Elapsed: 0.000s  Memory: 1922.00M
"polygons" in: sky130B.lydrc:130
    Polygons (raw): 0 (flat)  0 (hierarchical)
    Elapsed: 0.000s  Memory: 1922.00M
"polygons" in: sky130B.lydrc:131
    Polygons (raw): 0 (flat)  0 (hierarchical)
    Elapsed: 0.000s  Memory: 1922.00M
"polygons" in: sky130B.lydrc:132
    Polygons (raw): 0 (flat)  0 (hierarchical)
    Elapsed: 0.000s  Memory: 1922.00M
"polygons" in: sky130B.lydrc:133
    Polygons (raw): 0 (flat)  0 (hierarchical)
    Elapsed: 0.000s  Memory: 1922.00M
"polygons" in: sky130B.lydrc:134
    Polygons (raw): 0 (flat)  0 (hierarchical)
    Elapsed: 0.000s  Memory: 1922.00M
"polygons" in: sky130B.lydrc:135
    Polygons (raw): 1 (flat)  1 (hierarchical)
    Elapsed: 0.270s  Memory: 1922.00M
"polygons" in: sky130B.lydrc:136
    Polygons (raw): 0 (flat)  0 (hierarchical)
    Elapsed: 0.000s  Memory: 1922.00M
"polygons" in: sky130B.lydrc:137
    Polygons (raw): 0 (flat)  0 (hierarchical)
    Elapsed: 0.000s  Memory: 1922.00M
"polygons" in: sky130B.lydrc:138
    Polygons (raw): 0 (flat)  0 (hierarchical)
    Elapsed: 0.000s  Memory: 1922.00M
"polygons" in: sky130B.lydrc:139
    Polygons (raw): 0 (flat)  0 (hierarchical)
    Elapsed: 0.000s  Memory: 1922.00M
"polygons" in: sky130B.lydrc:140
    Polygons (raw): 16367 (flat)  1 (hierarchical)
    Elapsed: 0.270s  Memory: 1922.00M
"polygons" in: sky130B.lydrc:141
    Polygons (raw): 0 (flat)  0 (hierarchical)
    Elapsed: 0.000s  Memory: 1922.00M
"polygons" in: sky130B.lydrc:142
    Polygons (raw): 0 (flat)  0 (hierarchical)
    Elapsed: 0.000s  Memory: 1922.00M
"polygons" in: sky130B.lydrc:143
    Polygons (raw): 0 (flat)  0 (hierarchical)
    Elapsed: 0.000s  Memory: 1922.00M
"polygons" in: sky130B.lydrc:144
    Polygons (raw): 0 (flat)  0 (hierarchical)
    Elapsed: 0.000s  Memory: 1922.00M
"polygons" in: sky130B.lydrc:145
    Polygons (raw): 0 (flat)  0 (hierarchical)
    Elapsed: 0.000s  Memory: 1922.00M
"polygons" in: sky130B.lydrc:146
    Polygons (raw): 0 (flat)  0 (hierarchical)
    Elapsed: 0.000s  Memory: 1922.00M
"polygons" in: sky130B.lydrc:147
    Polygons (raw): 0 (flat)  0 (hierarchical)
    Elapsed: 0.000s  Memory: 1922.00M
"polygons" in: sky130B.lydrc:148
    Polygons (raw): 0 (flat)  0 (hierarchical)
    Elapsed: 0.000s  Memory: 1922.00M
"polygons" in: sky130B.lydrc:149
    Polygons (raw): 0 (flat)  0 (hierarchical)
    Elapsed: 0.000s  Memory: 1922.00M
"polygons" in: sky130B.lydrc:150
    Polygons (raw): 0 (flat)  0 (hierarchical)
    Elapsed: 0.000s  Memory: 1922.00M
"polygons" in: sky130B.lydrc:151
    Polygons (raw): 0 (flat)  0 (hierarchical)
    Elapsed: 0.000s  Memory: 1922.00M
"polygons" in: sky130B.lydrc:152
    Polygons (raw): 0 (flat)  0 (hierarchical)
    Elapsed: 0.000s  Memory: 1922.00M
"polygons" in: sky130B.lydrc:153
    Polygons (raw): 0 (flat)  0 (hierarchical)
    Elapsed: 0.000s  Memory: 1922.00M
"polygons" in: sky130B.lydrc:154
    Polygons (raw): 0 (flat)  0 (hierarchical)
    Elapsed: 0.000s  Memory: 1922.00M
"polygons" in: sky130B.lydrc:155
    Polygons (raw): 0 (flat)  0 (hierarchical)
    Elapsed: 0.000s  Memory: 1922.00M
"polygons" in: sky130B.lydrc:156
    Polygons (raw): 0 (flat)  0 (hierarchical)
    Elapsed: 0.000s  Memory: 1922.00M
"polygons" in: sky130B.lydrc:157
    Polygons (raw): 0 (flat)  0 (hierarchical)
    Elapsed: 0.000s  Memory: 1922.00M
"polygons" in: sky130B.lydrc:158
    Polygons (raw): 0 (flat)  0 (hierarchical)
    Elapsed: 0.000s  Memory: 1922.00M
"polygons" in: sky130B.lydrc:159
    Polygons (raw): 0 (flat)  0 (hierarchical)
    Elapsed: 0.000s  Memory: 1922.00M
"polygons" in: sky130B.lydrc:160
    Polygons (raw): 0 (flat)  0 (hierarchical)
    Elapsed: 0.000s  Memory: 1922.00M
"polygons" in: sky130B.lydrc:161
    Polygons (raw): 0 (flat)  0 (hierarchical)
    Elapsed: 0.000s  Memory: 1922.00M
"polygons" in: sky130B.lydrc:162
    Polygons (raw): 0 (flat)  0 (hierarchical)
    Elapsed: 0.000s  Memory: 1922.00M
DRC section
BEOL section
"polygons" in: sky130B.lydrc:427
    Polygons (raw): 20209665 (flat)  698414 (hierarchical)
    Elapsed: 0.450s  Memory: 1950.00M
"width" in: sky130B.lydrc:428
    Edge pairs: 544960 (flat)  16780 (hierarchical)
    Elapsed: 67.700s  Memory: 3058.00M
"output" in: sky130B.lydrc:428
    Edge pairs: 544960 (flat)  16780 (hierarchical)
    Elapsed: 0.130s  Memory: 3058.00M
"-" in: sky130B.lydrc:430
    Polygons (raw): 0 (flat)  0 (hierarchical)
    Elapsed: 65.470s  Memory: 4498.00M
"width" in: sky130B.lydrc:431
    Edge pairs: 0 (flat)  0 (hierarchical)
    Elapsed: 0.400s  Memory: 4498.00M
"output" in: sky130B.lydrc:431
    Edge pairs: 0 (flat)  0 (hierarchical)
    Elapsed: 0.120s  Memory: 4498.00M
"space" in: sky130B.lydrc:435
    Edge pairs: 14855296 (flat)  2210 (hierarchical)
    Elapsed: 287.570s  Memory: 5202.00M
"output" in: sky130B.lydrc:435
    Edge pairs: 14855296 (flat)  2210 (hierarchical)
    Elapsed: 0.120s  Memory: 5202.00M
"space" in: sky130B.lydrc:436
    Edge pairs: 0 (flat)  0 (hierarchical)
    Elapsed: 0.090s  Memory: 5202.00M
"output" in: sky130B.lydrc:436
    Edge pairs: 0 (flat)  0 (hierarchical)
    Elapsed: 0.110s  Memory: 5202.00M
"enclosing" in: sky130B.lydrc:437
    Edge pairs: 21436493 (flat)  9066280 (hierarchical)
    Elapsed: 409.330s  Memory: 6342.00M
"polygons" in: sky130B.lydrc:437
    Polygons (raw): 11994915 (flat)  5801542 (hierarchical)
    Elapsed: 2.040s  Memory: 6429.00M
"interacting" in: sky130B.lydrc:437
    Polygons (raw): 8593409 (flat)  39557 (hierarchical)
    Elapsed: 25.160s  Memory: 6697.00M
"enclosing" in: sky130B.lydrc:438
    Edge pairs: 21060320 (flat)  9035142 (hierarchical)
    Elapsed: 354.190s  Memory: 6789.00M
"second_edges" in: sky130B.lydrc:438
    Edges: 21060320 (flat)  9035142 (hierarchical)
    Elapsed: 0.470s  Memory: 6925.00M
"edges" in: sky130B.lydrc:439
    Edges: 69570612 (flat)  247780 (hierarchical)
    Elapsed: 0.340s  Memory: 6618.00M
"-" in: sky130B.lydrc:439
    Edges: 50083588 (flat)  167358 (hierarchical)
    Elapsed: 28.950s  Memory: 7194.00M
"width" in: sky130B.lydrc:439
    Edge pairs: 21231578 (flat)  90434 (hierarchical)
    Elapsed: 15.660s  Memory: 6618.00M
"polygons" in: sky130B.lydrc:439
    Polygons (raw): 21231578 (flat)  90434 (hierarchical)
    Elapsed: 0.020s  Memory: 6618.00M
"not_interacting" in: sky130B.lydrc:440
    Polygons (raw): 266272 (flat)  2 (hierarchical)
    Elapsed: 9.480s  Memory: 6618.00M
"output" in: sky130B.lydrc:440
    Polygons (raw): 266272 (flat)  2 (hierarchical)
    Elapsed: 0.440s  Memory: 6618.00M
"with_area" in: sky130B.lydrc:441
    Polygons (raw): 0 (flat)  0 (hierarchical)
    Elapsed: 1.220s  Memory: 6618.00M
"output" in: sky130B.lydrc:441
    Polygons (raw): 0 (flat)  0 (hierarchical)
    Elapsed: 0.110s  Memory: 6618.00M
"edges" in: sky130B.lydrc:444
    Edges: 104413532 (flat)  2771088 (hierarchical)
    Elapsed: 72.710s  Memory: 6618.00M
"without_length" in: sky130B.lydrc:444
