"input" in: sky130B.lydrc:71
    Polygons (raw): 2412577 (flat)  822 (hierarchical)
    Elapsed: 0.400s  Memory: 1727.00M
"polygons" in: sky130B.lydrc:72
    Polygons (raw): 420584 (flat)  6 (hierarchical)
    Elapsed: 0.270s  Memory: 1749.00M
"polygons" in: sky130B.lydrc:73
    Polygons (raw): 1560789 (flat)  318 (hierarchical)
    Elapsed: 0.230s  Memory: 1749.00M
"polygons" in: sky130B.lydrc:74
    Polygons (raw): 16 (flat)  1 (hierarchical)
    Elapsed: 0.270s  Memory: 1749.00M
"polygons" in: sky130B.lydrc:75
    Polygons (raw): 0 (flat)  0 (hierarchical)
    Elapsed: 0.000s  Memory: 1749.00M
"polygons" in: sky130B.lydrc:76
    Polygons (raw): 0 (flat)  0 (hierarchical)
    Elapsed: 0.000s  Memory: 1749.00M
"polygons" in: sky130B.lydrc:77
    Polygons (raw): 0 (flat)  0 (hierarchical)
    Elapsed: 0.000s  Memory: 1749.00M
"polygons" in: sky130B.lydrc:78
    Polygons (raw): 0 (flat)  0 (hierarchical)
    Elapsed: 0.000s  Memory: 1749.00M
"polygons" in: sky130B.lydrc:79
    Polygons (raw): 1431122 (flat)  257 (hierarchical)
    Elapsed: 0.220s  Memory: 1749.00M
"polygons" in: sky130B.lydrc:80
    Polygons (raw): 0 (flat)  0 (hierarchical)
    Elapsed: 0.000s  Memory: 1749.00M
"polygons" in: sky130B.lydrc:81
    Polygons (raw): 0 (flat)  0 (hierarchical)
    Elapsed: 0.000s  Memory: 1749.00M
"polygons" in: sky130B.lydrc:82
    Polygons (raw): 0 (flat)  0 (hierarchical)
    Elapsed: 0.000s  Memory: 1749.00M
"polygons" in: sky130B.lydrc:83
    Polygons (raw): 0 (flat)  0 (hierarchical)
    Elapsed: 0.000s  Memory: 1749.00M
"polygons" in: sky130B.lydrc:84
    Polygons (raw): 3375021 (flat)  2685 (hierarchical)
    Elapsed: 0.250s  Memory: 1749.00M
"polygons" in: sky130B.lydrc:85
    Polygons (raw): 0 (flat)  0 (hierarchical)
    Elapsed: 0.000s  Memory: 1749.00M
"polygons" in: sky130B.lydrc:86
    Polygons (raw): 1734041 (flat)  328 (hierarchical)
    Elapsed: 0.210s  Memory: 1749.00M
"polygons" in: sky130B.lydrc:87
    Polygons (raw): 1724433 (flat)  324 (hierarchical)
    Elapsed: 0.220s  Memory: 1749.00M
"polygons" in: sky130B.lydrc:88
    Polygons (raw): 0 (flat)  0 (hierarchical)
    Elapsed: 0.000s  Memory: 1749.00M
"polygons" in: sky130B.lydrc:89
    Polygons (raw): 0 (flat)  0 (hierarchical)
    Elapsed: 0.000s  Memory: 1749.00M
"polygons" in: sky130B.lydrc:90
    Polygons (raw): 1115825 (flat)  285 (hierarchical)
    Elapsed: 0.250s  Memory: 1749.00M
"polygons" in: sky130B.lydrc:91
    Polygons (raw): 12037485 (flat)  9178 (hierarchical)
    Elapsed: 0.240s  Memory: 1749.00M
"polygons" in: sky130B.lydrc:93
    Polygons (raw): 10775025 (flat)  698157 (hierarchical)
    Elapsed: 0.430s  Memory: 1765.00M
"polygons" in: sky130B.lydrc:94
    Polygons (raw): 21583815 (flat)  692681 (hierarchical)
    Elapsed: 0.420s  Memory: 1781.00M
"polygons" in: sky130B.lydrc:96
    Polygons (raw): 10320210 (flat)  3625801 (hierarchical)
    Elapsed: 1.420s  Memory: 1845.00M
"polygons" in: sky130B.lydrc:97
    Polygons (raw): 1155737 (flat)  1067703 (hierarchical)
    Elapsed: 0.610s  Memory: 1879.00M
"polygons" in: sky130B.lydrc:99
    Polygons (raw): 2514827 (flat)  1838912 (hierarchical)
    Elapsed: 0.870s  Memory: 1911.00M
"polygons" in: sky130B.lydrc:100
    Polygons (raw): 288230 (flat)  206507 (hierarchical)
    Elapsed: 0.340s  Memory: 1911.00M
"polygons" in: sky130B.lydrc:102
    Polygons (raw): 902998 (flat)  347109 (hierarchical)
    Elapsed: 0.380s  Memory: 1921.00M
"polygons" in: sky130B.lydrc:103
    Polygons (raw): 182653 (flat)  121343 (hierarchical)
    Elapsed: 0.300s  Memory: 1921.00M
"polygons" in: sky130B.lydrc:105
    Polygons (raw): 150761 (flat)  28566 (hierarchical)
    Elapsed: 0.270s  Memory: 1921.00M
"polygons" in: sky130B.lydrc:106
    Polygons (raw): 1434 (flat)  1434 (hierarchical)
    Elapsed: 0.260s  Memory: 1921.00M
"polygons" in: sky130B.lydrc:108
    Polygons (raw): 324 (flat)  324 (hierarchical)
    Elapsed: 0.260s  Memory: 1921.00M
"polygons" in: sky130B.lydrc:110
    Polygons (raw): 0 (flat)  0 (hierarchical)
    Elapsed: 0.010s  Memory: 1921.00M
"polygons" in: sky130B.lydrc:111
    Polygons (raw): 0 (flat)  0 (hierarchical)
    Elapsed: 0.000s  Memory: 1921.00M
"polygons" in: sky130B.lydrc:112
    Polygons (raw): 0 (flat)  0 (hierarchical)
    Elapsed: 0.000s  Memory: 1921.00M
"polygons" in: sky130B.lydrc:113
    Polygons (raw): 0 (flat)  0 (hierarchical)
    Elapsed: 0.000s  Memory: 1921.00M
"polygons" in: sky130B.lydrc:114
    Polygons (raw): 0 (flat)  0 (hierarchical)
    Elapsed: 0.000s  Memory: 1921.00M
"polygons" in: sky130B.lydrc:115
    Polygons (raw): 0 (flat)  0 (hierarchical)
    Elapsed: 0.000s  Memory: 1921.00M
"polygons" in: sky130B.lydrc:116
    Polygons (raw): 0 (flat)  0 (hierarchical)
    Elapsed: 0.010s  Memory: 1921.00M
"polygons" in: sky130B.lydrc:117
    Polygons (raw): 0 (flat)  0 (hierarchical)
    Elapsed: 0.000s  Memory: 1921.00M
"polygons" in: sky130B.lydrc:118
    Polygons (raw): 0 (flat)  0 (hierarchical)
    Elapsed: 0.000s  Memory: 1921.00M
"polygons" in: sky130B.lydrc:119
    Polygons (raw): 0 (flat)  0 (hierarchical)
    Elapsed: 0.000s  Memory: 1921.00M
"polygons" in: sky130B.lydrc:120
    Polygons (raw): 0 (flat)  0 (hierarchical)
    Elapsed: 0.000s  Memory: 1921.00M
"polygons" in: sky130B.lydrc:121
    Polygons (raw): 0 (flat)  0 (hierarchical)
    Elapsed: 0.000s  Memory: 1921.00M
"polygons" in: sky130B.lydrc:122
    Polygons (raw): 0 (flat)  0 (hierarchical)
    Elapsed: 0.000s  Memory: 1921.00M
"polygons" in: sky130B.lydrc:123
    Polygons (raw): 0 (flat)  0 (hierarchical)
    Elapsed: 0.000s  Memory: 1921.00M
"polygons" in: sky130B.lydrc:124
    Polygons (raw): 0 (flat)  0 (hierarchical)
    Elapsed: 0.000s  Memory: 1921.00M
"polygons" in: sky130B.lydrc:125
    Polygons (raw): 0 (flat)  0 (hierarchical)
    Elapsed: 0.000s  Memory: 1921.00M
"polygons" in: sky130B.lydrc:126
    Polygons (raw): 0 (flat)  0 (hierarchical)
    Elapsed: 0.000s  Memory: 1921.00M
"polygons" in: sky130B.lydrc:127
    Polygons (raw): 2060613 (flat)  444 (hierarchical)
    Elapsed: 0.210s  Memory: 1921.00M
"polygons" in: sky130B.lydrc:128
    Polygons (raw): 0 (flat)  0 (hierarchical)
    Elapsed: 0.000s  Memory: 1921.00M
"polygons" in: sky130B.lydrc:129
    Polygons (raw): 0 (flat)  0 (hierarchical)
    Elapsed: 0.000s  Memory: 1921.00M
"polygons" in: sky130B.lydrc:130
    Polygons (raw): 0 (flat)  0 (hierarchical)
    Elapsed: 0.000s  Memory: 1921.00M
"polygons" in: sky130B.lydrc:131
    Polygons (raw): 0 (flat)  0 (hierarchical)
    Elapsed: 0.000s  Memory: 1921.00M
"polygons" in: sky130B.lydrc:132
    Polygons (raw): 0 (flat)  0 (hierarchical)
    Elapsed: 0.000s  Memory: 1921.00M
"polygons" in: sky130B.lydrc:133
    Polygons (raw): 0 (flat)  0 (hierarchical)
    Elapsed: 0.000s  Memory: 1921.00M
"polygons" in: sky130B.lydrc:134
    Polygons (raw): 0 (flat)  0 (hierarchical)
    Elapsed: 0.000s  Memory: 1921.00M
"polygons" in: sky130B.lydrc:135
    Polygons (raw): 1 (flat)  1 (hierarchical)
    Elapsed: 0.260s  Memory: 1921.00M
"polygons" in: sky130B.lydrc:136
    Polygons (raw): 0 (flat)  0 (hierarchical)
    Elapsed: 0.000s  Memory: 1921.00M
"polygons" in: sky130B.lydrc:137
    Polygons (raw): 0 (flat)  0 (hierarchical)
    Elapsed: 0.000s  Memory: 1921.00M
"polygons" in: sky130B.lydrc:138
    Polygons (raw): 0 (flat)  0 (hierarchical)
    Elapsed: 0.000s  Memory: 1921.00M
"polygons" in: sky130B.lydrc:139
    Polygons (raw): 0 (flat)  0 (hierarchical)
    Elapsed: 0.000s  Memory: 1921.00M
"polygons" in: sky130B.lydrc:140
    Polygons (raw): 16367 (flat)  1 (hierarchical)
    Elapsed: 0.260s  Memory: 1921.00M
"polygons" in: sky130B.lydrc:141
    Polygons (raw): 0 (flat)  0 (hierarchical)
    Elapsed: 0.010s  Memory: 1921.00M
"polygons" in: sky130B.lydrc:142
    Polygons (raw): 0 (flat)  0 (hierarchical)
    Elapsed: 0.000s  Memory: 1921.00M
"polygons" in: sky130B.lydrc:143
    Polygons (raw): 0 (flat)  0 (hierarchical)
    Elapsed: 0.000s  Memory: 1921.00M
"polygons" in: sky130B.lydrc:144
    Polygons (raw): 0 (flat)  0 (hierarchical)
    Elapsed: 0.000s  Memory: 1921.00M
"polygons" in: sky130B.lydrc:145
    Polygons (raw): 0 (flat)  0 (hierarchical)
    Elapsed: 0.000s  Memory: 1921.00M
"polygons" in: sky130B.lydrc:146
    Polygons (raw): 0 (flat)  0 (hierarchical)
    Elapsed: 0.010s  Memory: 1921.00M
"polygons" in: sky130B.lydrc:147
    Polygons (raw): 0 (flat)  0 (hierarchical)
    Elapsed: 0.010s  Memory: 1921.00M
"polygons" in: sky130B.lydrc:148
    Polygons (raw): 0 (flat)  0 (hierarchical)
    Elapsed: 0.000s  Memory: 1921.00M
"polygons" in: sky130B.lydrc:149
    Polygons (raw): 0 (flat)  0 (hierarchical)
    Elapsed: 0.000s  Memory: 1921.00M
"polygons" in: sky130B.lydrc:150
    Polygons (raw): 0 (flat)  0 (hierarchical)
    Elapsed: 0.000s  Memory: 1921.00M
"polygons" in: sky130B.lydrc:151
    Polygons (raw): 0 (flat)  0 (hierarchical)
    Elapsed: 0.000s  Memory: 1921.00M
"polygons" in: sky130B.lydrc:152
    Polygons (raw): 0 (flat)  0 (hierarchical)
    Elapsed: 0.000s  Memory: 1921.00M
"polygons" in: sky130B.lydrc:153
    Polygons (raw): 0 (flat)  0 (hierarchical)
    Elapsed: 0.010s  Memory: 1921.00M
"polygons" in: sky130B.lydrc:154
    Polygons (raw): 0 (flat)  0 (hierarchical)
    Elapsed: 0.000s  Memory: 1921.00M
"polygons" in: sky130B.lydrc:155
    Polygons (raw): 0 (flat)  0 (hierarchical)
    Elapsed: 0.000s  Memory: 1921.00M
"polygons" in: sky130B.lydrc:156
    Polygons (raw): 0 (flat)  0 (hierarchical)
    Elapsed: 0.000s  Memory: 1921.00M
"polygons" in: sky130B.lydrc:157
    Polygons (raw): 0 (flat)  0 (hierarchical)
    Elapsed: 0.000s  Memory: 1921.00M
"polygons" in: sky130B.lydrc:158
    Polygons (raw): 0 (flat)  0 (hierarchical)
    Elapsed: 0.000s  Memory: 1921.00M
"polygons" in: sky130B.lydrc:159
    Polygons (raw): 0 (flat)  0 (hierarchical)
    Elapsed: 0.010s  Memory: 1921.00M
"polygons" in: sky130B.lydrc:160
    Polygons (raw): 0 (flat)  0 (hierarchical)
    Elapsed: 0.000s  Memory: 1921.00M
"polygons" in: sky130B.lydrc:161
    Polygons (raw): 0 (flat)  0 (hierarchical)
    Elapsed: 0.000s  Memory: 1921.00M
"polygons" in: sky130B.lydrc:162
    Polygons (raw): 0 (flat)  0 (hierarchical)
    Elapsed: 0.000s  Memory: 1921.00M
DRC section
BEOL section
"polygons" in: sky130B.lydrc:427
    Polygons (raw): 10775025 (flat)  698157 (hierarchical)
    Elapsed: 0.430s  Memory: 1949.00M
"width" in: sky130B.lydrc:428
    Edge pairs: 0 (flat)  0 (hierarchical)
    Elapsed: 66.530s  Memory: 3042.00M
"output" in: sky130B.lydrc:428
    Edge pairs: 0 (flat)  0 (hierarchical)
    Elapsed: 0.110s  Memory: 3042.00M
"-" in: sky130B.lydrc:430
    Polygons (raw): 0 (flat)  0 (hierarchical)
    Elapsed: 64.550s  Memory: 4482.00M
"width" in: sky130B.lydrc:431
    Edge pairs: 0 (flat)  0 (hierarchical)
    Elapsed: 0.090s  Memory: 4482.00M
"output" in: sky130B.lydrc:431
    Edge pairs: 0 (flat)  0 (hierarchical)
    Elapsed: 0.110s  Memory: 4482.00M
"space" in: sky130B.lydrc:435
    Edge pairs: 0 (flat)  0 (hierarchical)
    Elapsed: 283.970s  Memory: 5186.00M
"output" in: sky130B.lydrc:435
    Edge pairs: 0 (flat)  0 (hierarchical)
    Elapsed: 0.120s  Memory: 5186.00M
"space" in: sky130B.lydrc:436
    Edge pairs: 0 (flat)  0 (hierarchical)
    Elapsed: 0.090s  Memory: 5186.00M
"output" in: sky130B.lydrc:436
    Edge pairs: 0 (flat)  0 (hierarchical)
    Elapsed: 0.110s  Memory: 5186.00M
"enclosing" in: sky130B.lydrc:437
    Edge pairs: 12576717 (flat)  8990051 (hierarchical)
    Elapsed: 403.430s  Memory: 6199.00M
"polygons" in: sky130B.lydrc:437
    Polygons (raw): 6832451 (flat)  5732443 (hierarchical)
    Elapsed: 2.030s  Memory: 6286.00M
"interacting" in: sky130B.lydrc:437
    Polygons (raw): 5603153 (flat)  5313 (hierarchical)
    Elapsed: 22.990s  Memory: 6554.00M
"enclosing" in: sky130B.lydrc:438
    Edge pairs: 12258976 (flat)  8960176 (hierarchical)
    Elapsed: 349.590s  Memory: 8182.00M
"second_edges" in: sky130B.lydrc:438
    Edges: 12258976 (flat)  8960176 (hierarchical)
    Elapsed: 0.460s  Memory: 8318.00M
"edges" in: sky130B.lydrc:439
    Edges: 48106164 (flat)  43368 (hierarchical)
    Elapsed: 0.330s  Memory: 8011.00M
"-" in: sky130B.lydrc:439
    Edges: 36301652 (flat)  31554 (hierarchical)
    Elapsed: 27.070s  Memory: 8011.00M
"width" in: sky130B.lydrc:439
    Edge pairs: 15019050 (flat)  22585 (hierarchical)
    Elapsed: 15.100s  Memory: 7947.00M
"polygons" in: sky130B.lydrc:439
    Polygons (raw): 15019050 (flat)  22585 (hierarchical)
    Elapsed: 0.020s  Memory: 7947.00M
"not_interacting" in: sky130B.lydrc:440
    Polygons (raw): 0 (flat)  0 (hierarchical)
    Elapsed: 9.250s  Memory: 6475.00M
"output" in: sky130B.lydrc:440
    Polygons (raw): 0 (flat)  0 (hierarchical)
    Elapsed: 0.450s  Memory: 6475.00M
"with_area" in: sky130B.lydrc:441
    Polygons (raw): 0 (flat)  0 (hierarchical)
    Elapsed: 0.950s  Memory: 6475.00M
"output" in: sky130B.lydrc:441
    Polygons (raw): 0 (flat)  0 (hierarchical)
    Elapsed: 0.120s  Memory: 6475.00M
"edges" in: sky130B.lydrc:444
    Edges: 86335260 (flat)  2770724 (hierarchical)
    Elapsed: 73.280s  Memory: 6475.00M
"without_length" in: sky130B.lydrc:444
