
 /----------------------------------------------------------------------------\
 |  yosys -- Yosys Open SYnthesis Suite                                       |
 |  Copyright (C) 2012 - 2026  Claire Xenia Wolf <claire@yosyshq.com>         |
 |  Distributed under an ISC-like license, type "license" to see terms        |
 \----------------------------------------------------------------------------/
 Yosys 0.62+0 (git sha1 8bbde80e0, g++ 11.4.0-1ubuntu1~22.04.2 -fPIC -O3)

-- Executing script file `../model/design.ys' --

1. Executing Verilog-2005 frontend: async_fifo_formal.sv
Parsing formal SystemVerilog input from `async_fifo_formal.sv' to AST representation.
Storing AST representation for module `$abstract\async_fifo_formal'.
Successfully finished Verilog frontend.

2. Executing Verilog-2005 frontend: async_fifo.sv
Parsing formal SystemVerilog input from `async_fifo.sv' to AST representation.
Storing AST representation for module `$abstract\async_fifo'.
Successfully finished Verilog frontend.

3. Executing PREP pass.

3.1. Executing HIERARCHY pass (managing design hierarchy).

3.2. Executing AST frontend in derive mode using pre-parsed AST for module `\async_fifo_formal'.
Generating RTLIL representation for module `\async_fifo_formal'.

3.2.1. Analyzing design hierarchy..
Top module:  \async_fifo_formal
Parameter \DATA_WIDTH = 8
Parameter \ADDR_WIDTH = 2

3.2.2. Executing AST frontend in derive mode using pre-parsed AST for module `\async_fifo'.
Parameter \DATA_WIDTH = 8
Parameter \ADDR_WIDTH = 2
Generating RTLIL representation for module `$paramod$2622703013a2e8fd78bed7e43b32480f2b9c4b00\async_fifo'.
Warning: Replacing memory \mem with list of registers. See async_fifo.sv:37

3.2.3. Analyzing design hierarchy..
Top module:  \async_fifo_formal
Used module:     $paramod$2622703013a2e8fd78bed7e43b32480f2b9c4b00\async_fifo

3.2.4. Analyzing design hierarchy..
Top module:  \async_fifo_formal
Used module:     $paramod$2622703013a2e8fd78bed7e43b32480f2b9c4b00\async_fifo
Removing unused module `$abstract\async_fifo'.
Removing unused module `$abstract\async_fifo_formal'.
Removed 2 unused modules.
Module async_fifo_formal directly or indirectly contains formal properties -> setting "keep" attribute.

3.3. Executing PROC pass (convert processes to netlists).

3.3.1. Executing PROC_CLEAN pass (remove empty switches from decision trees).
Cleaned up 0 empty switches.

3.3.2. Executing PROC_RMDEAD pass (remove dead branches from decision trees).
Removed 1 dead cases from process $proc$async_fifo.sv:53$74 in module $paramod$2622703013a2e8fd78bed7e43b32480f2b9c4b00\async_fifo.
Marked 1 switch rules as full_case in process $proc$async_fifo.sv:53$74 in module $paramod$2622703013a2e8fd78bed7e43b32480f2b9c4b00\async_fifo.
Marked 1 switch rules as full_case in process $proc$async_fifo.sv:69$68 in module $paramod$2622703013a2e8fd78bed7e43b32480f2b9c4b00\async_fifo.
Marked 1 switch rules as full_case in process $proc$async_fifo.sv:59$66 in module $paramod$2622703013a2e8fd78bed7e43b32480f2b9c4b00\async_fifo.
Marked 1 switch rules as full_case in process $proc$async_fifo.sv:46$61 in module $paramod$2622703013a2e8fd78bed7e43b32480f2b9c4b00\async_fifo.
Marked 3 switch rules as full_case in process $proc$async_fifo.sv:33$50 in module $paramod$2622703013a2e8fd78bed7e43b32480f2b9c4b00\async_fifo.
Removed a total of 1 dead cases.

3.3.3. Executing PROC_PRUNE pass (remove redundant assignments in processes).
Removed 6 redundant assignments.
Promoted 16 assignments to connections.

3.3.4. Executing PROC_INIT pass (extract init attributes).
Found init rule in `\async_fifo_formal.$proc$async_fifo_formal.sv:48$47'.
  Set init value: \f_past_valid_rd = 0
Found init rule in `\async_fifo_formal.$proc$async_fifo_formal.sv:45$46'.
  Set init value: \f_past_valid_wr = 0

3.3.5. Executing PROC_ARST pass (detect async resets in processes).
Found async reset \rd_rst_n in `$paramod$2622703013a2e8fd78bed7e43b32480f2b9c4b00\async_fifo.$proc$async_fifo.sv:69$68'.
Found async reset \wr_rst_n in `$paramod$2622703013a2e8fd78bed7e43b32480f2b9c4b00\async_fifo.$proc$async_fifo.sv:59$66'.
Found async reset \rd_rst_n in `$paramod$2622703013a2e8fd78bed7e43b32480f2b9c4b00\async_fifo.$proc$async_fifo.sv:46$61'.
Found async reset \wr_rst_n in `$paramod$2622703013a2e8fd78bed7e43b32480f2b9c4b00\async_fifo.$proc$async_fifo.sv:33$50'.

3.3.6. Executing PROC_ROM pass (convert switches to ROMs).
Converted 0 switches.
<suppressed ~14 debug messages>

3.3.7. Executing PROC_MUX pass (convert decision trees to multiplexers).
Creating decoders for process `$paramod$2622703013a2e8fd78bed7e43b32480f2b9c4b00\async_fifo.$proc$async_fifo.sv:53$74'.
     1/1: $1$mem2reg_rd$\mem$async_fifo.sv:53$49_DATA[7:0]$76
Creating decoders for process `$paramod$2622703013a2e8fd78bed7e43b32480f2b9c4b00\async_fifo.$proc$async_fifo.sv:69$68'.
     1/2: $0\wr_ptr_sync2[2:0]
     2/2: $0\wr_ptr_sync1[2:0]
Creating decoders for process `$paramod$2622703013a2e8fd78bed7e43b32480f2b9c4b00\async_fifo.$proc$async_fifo.sv:59$66'.
     1/2: $0\rd_ptr_sync2[2:0]
     2/2: $0\rd_ptr_sync1[2:0]
Creating decoders for process `$paramod$2622703013a2e8fd78bed7e43b32480f2b9c4b00\async_fifo.$proc$async_fifo.sv:46$61'.
     1/1: $0\rd_ptr[2:0]
Creating decoders for process `$paramod$2622703013a2e8fd78bed7e43b32480f2b9c4b00\async_fifo.$proc$async_fifo.sv:33$50'.
     1/9: $2$mem2reg_wr$\mem$async_fifo.sv:37$48_ADDR[1:0]$58
     2/9: $2$mem2reg_wr$\mem$async_fifo.sv:37$48_DATA[7:0]$59
     3/9: $1$mem2reg_wr$\mem$async_fifo.sv:37$48_DATA[7:0]$55
     4/9: $1$mem2reg_wr$\mem$async_fifo.sv:37$48_ADDR[1:0]$54
     5/9: $0\mem[3][7:0]
     6/9: $0\mem[2][7:0]
     7/9: $0\mem[1][7:0]
     8/9: $0\mem[0][7:0]
     9/9: $0\wr_ptr[2:0]
Creating decoders for process `\async_fifo_formal.$proc$async_fifo_formal.sv:48$47'.
Creating decoders for process `\async_fifo_formal.$proc$async_fifo_formal.sv:45$46'.
Creating decoders for process `\async_fifo_formal.$proc$async_fifo_formal.sv:40$41'.
Creating decoders for process `\async_fifo_formal.$proc$async_fifo_formal.sv:66$27'.
     1/3: $cover$async_fifo_formal.sv:75$39_EN
     2/3: $assert$async_fifo_formal.sv:71$37_EN
     3/3: $assume$async_fifo_formal.sv:68$32_EN
Creating decoders for process `\async_fifo_formal.$proc$async_fifo_formal.sv:52$11'.
     1/5: $cover$async_fifo_formal.sv:61$26_EN
     2/5: $assert$async_fifo_formal.sv:59$25_EN
     3/5: $assert$async_fifo_formal.sv:58$22_EN
     4/5: $assert$async_fifo_formal.sv:55$17_EN
     5/5: $assume$async_fifo_formal.sv:54$15_EN
Creating decoders for process `\async_fifo_formal.$proc$async_fifo_formal.sv:49$9'.
Creating decoders for process `\async_fifo_formal.$proc$async_fifo_formal.sv:46$7'.

3.3.8. Executing PROC_DLATCH pass (convert process syncs to latches).
No latch inferred for signal `$paramod$2622703013a2e8fd78bed7e43b32480f2b9c4b00\async_fifo.$mem2reg_rd$\mem$async_fifo.sv:53$49_DATA' from process `$paramod$2622703013a2e8fd78bed7e43b32480f2b9c4b00\async_fifo.$proc$async_fifo.sv:53$74'.

3.3.9. Executing PROC_DFF pass (convert process syncs to FFs).
Creating register for signal `$paramod$2622703013a2e8fd78bed7e43b32480f2b9c4b00\async_fifo.\wr_ptr_sync1' using process `$paramod$2622703013a2e8fd78bed7e43b32480f2b9c4b00\async_fifo.$proc$async_fifo.sv:69$68'.
  created $adff cell `$procdff$157' with positive edge clock and positive level reset.
Creating register for signal `$paramod$2622703013a2e8fd78bed7e43b32480f2b9c4b00\async_fifo.\wr_ptr_sync2' using process `$paramod$2622703013a2e8fd78bed7e43b32480f2b9c4b00\async_fifo.$proc$async_fifo.sv:69$68'.
  created $adff cell `$procdff$162' with positive edge clock and positive level reset.
Creating register for signal `$paramod$2622703013a2e8fd78bed7e43b32480f2b9c4b00\async_fifo.\rd_ptr_sync1' using process `$paramod$2622703013a2e8fd78bed7e43b32480f2b9c4b00\async_fifo.$proc$async_fifo.sv:59$66'.
  created $adff cell `$procdff$167' with positive edge clock and positive level reset.
Creating register for signal `$paramod$2622703013a2e8fd78bed7e43b32480f2b9c4b00\async_fifo.\rd_ptr_sync2' using process `$paramod$2622703013a2e8fd78bed7e43b32480f2b9c4b00\async_fifo.$proc$async_fifo.sv:59$66'.
  created $adff cell `$procdff$172' with positive edge clock and positive level reset.
Creating register for signal `$paramod$2622703013a2e8fd78bed7e43b32480f2b9c4b00\async_fifo.\rd_ptr' using process `$paramod$2622703013a2e8fd78bed7e43b32480f2b9c4b00\async_fifo.$proc$async_fifo.sv:46$61'.
  created $adff cell `$procdff$177' with positive edge clock and positive level reset.
Creating register for signal `$paramod$2622703013a2e8fd78bed7e43b32480f2b9c4b00\async_fifo.\wr_ptr' using process `$paramod$2622703013a2e8fd78bed7e43b32480f2b9c4b00\async_fifo.$proc$async_fifo.sv:33$50'.
  created $adff cell `$procdff$182' with positive edge clock and positive level reset.
Creating register for signal `$paramod$2622703013a2e8fd78bed7e43b32480f2b9c4b00\async_fifo.\mem[0]' using process `$paramod$2622703013a2e8fd78bed7e43b32480f2b9c4b00\async_fifo.$proc$async_fifo.sv:33$50'.
  created $dff cell `$procdff$189' with positive edge clock.
Creating register for signal `$paramod$2622703013a2e8fd78bed7e43b32480f2b9c4b00\async_fifo.\mem[1]' using process `$paramod$2622703013a2e8fd78bed7e43b32480f2b9c4b00\async_fifo.$proc$async_fifo.sv:33$50'.
  created $dff cell `$procdff$196' with positive edge clock.
Creating register for signal `$paramod$2622703013a2e8fd78bed7e43b32480f2b9c4b00\async_fifo.\mem[2]' using process `$paramod$2622703013a2e8fd78bed7e43b32480f2b9c4b00\async_fifo.$proc$async_fifo.sv:33$50'.
  created $dff cell `$procdff$203' with positive edge clock.
Creating register for signal `$paramod$2622703013a2e8fd78bed7e43b32480f2b9c4b00\async_fifo.\mem[3]' using process `$paramod$2622703013a2e8fd78bed7e43b32480f2b9c4b00\async_fifo.$proc$async_fifo.sv:33$50'.
  created $dff cell `$procdff$210' with positive edge clock.
Creating register for signal `$paramod$2622703013a2e8fd78bed7e43b32480f2b9c4b00\async_fifo.$mem2reg_wr$\mem$async_fifo.sv:37$48_ADDR' using process `$paramod$2622703013a2e8fd78bed7e43b32480f2b9c4b00\async_fifo.$proc$async_fifo.sv:33$50'.
  created $adff cell `$procdff$215' with positive edge clock and positive level reset.
Creating register for signal `$paramod$2622703013a2e8fd78bed7e43b32480f2b9c4b00\async_fifo.$mem2reg_wr$\mem$async_fifo.sv:37$48_DATA' using process `$paramod$2622703013a2e8fd78bed7e43b32480f2b9c4b00\async_fifo.$proc$async_fifo.sv:33$50'.
  created $adff cell `$procdff$220' with positive edge clock and positive level reset.
Creating register for signal `\async_fifo_formal.$past$async_fifo_formal.sv:71$4$0' using process `\async_fifo_formal.$proc$async_fifo_formal.sv:66$27'.
  created $dff cell `$procdff$221' with positive edge clock.
Creating register for signal `\async_fifo_formal.$past$async_fifo_formal.sv:71$5$0' using process `\async_fifo_formal.$proc$async_fifo_formal.sv:66$27'.
  created $dff cell `$procdff$222' with positive edge clock.
Creating register for signal `\async_fifo_formal.$past$async_fifo_formal.sv:75$6$0' using process `\async_fifo_formal.$proc$async_fifo_formal.sv:66$27'.
  created $dff cell `$procdff$223' with positive edge clock.
Creating register for signal `\async_fifo_formal.$past$async_fifo_formal.sv:75$6$1' using process `\async_fifo_formal.$proc$async_fifo_formal.sv:66$27'.
  created $dff cell `$procdff$224' with positive edge clock.
Creating register for signal `\async_fifo_formal.$past$async_fifo_formal.sv:58$1$0' using process `\async_fifo_formal.$proc$async_fifo_formal.sv:52$11'.
  created $dff cell `$procdff$225' with positive edge clock.
Creating register for signal `\async_fifo_formal.$past$async_fifo_formal.sv:59$2$0' using process `\async_fifo_formal.$proc$async_fifo_formal.sv:52$11'.
  created $dff cell `$procdff$226' with positive edge clock.
Creating register for signal `\async_fifo_formal.$past$async_fifo_formal.sv:59$3$0' using process `\async_fifo_formal.$proc$async_fifo_formal.sv:52$11'.
  created $dff cell `$procdff$227' with positive edge clock.
Creating register for signal `\async_fifo_formal.\f_past_valid_rd' using process `\async_fifo_formal.$proc$async_fifo_formal.sv:49$9'.
  created $dff cell `$procdff$228' with positive edge clock.
Creating register for signal `\async_fifo_formal.\f_past_valid_wr' using process `\async_fifo_formal.$proc$async_fifo_formal.sv:46$7'.
  created $dff cell `$procdff$229' with positive edge clock.

3.3.10. Executing PROC_MEMWR pass (convert process memory writes to cells).

3.3.11. Executing PROC_CLEAN pass (remove empty switches from decision trees).
Found and cleaned up 1 empty switch in `$paramod$2622703013a2e8fd78bed7e43b32480f2b9c4b00\async_fifo.$proc$async_fifo.sv:53$74'.
Removing empty process `$paramod$2622703013a2e8fd78bed7e43b32480f2b9c4b00\async_fifo.$proc$async_fifo.sv:53$74'.
Removing empty process `$paramod$2622703013a2e8fd78bed7e43b32480f2b9c4b00\async_fifo.$proc$async_fifo.sv:69$68'.
Removing empty process `$paramod$2622703013a2e8fd78bed7e43b32480f2b9c4b00\async_fifo.$proc$async_fifo.sv:59$66'.
Found and cleaned up 1 empty switch in `$paramod$2622703013a2e8fd78bed7e43b32480f2b9c4b00\async_fifo.$proc$async_fifo.sv:46$61'.
Removing empty process `$paramod$2622703013a2e8fd78bed7e43b32480f2b9c4b00\async_fifo.$proc$async_fifo.sv:46$61'.
Found and cleaned up 2 empty switches in `$paramod$2622703013a2e8fd78bed7e43b32480f2b9c4b00\async_fifo.$proc$async_fifo.sv:33$50'.
Removing empty process `$paramod$2622703013a2e8fd78bed7e43b32480f2b9c4b00\async_fifo.$proc$async_fifo.sv:33$50'.
Removing empty process `async_fifo_formal.$proc$async_fifo_formal.sv:48$47'.
Removing empty process `async_fifo_formal.$proc$async_fifo_formal.sv:45$46'.
Removing empty process `async_fifo_formal.$proc$async_fifo_formal.sv:40$41'.
Found and cleaned up 5 empty switches in `\async_fifo_formal.$proc$async_fifo_formal.sv:66$27'.
Removing empty process `async_fifo_formal.$proc$async_fifo_formal.sv:66$27'.
Found and cleaned up 5 empty switches in `\async_fifo_formal.$proc$async_fifo_formal.sv:52$11'.
Removing empty process `async_fifo_formal.$proc$async_fifo_formal.sv:52$11'.
Removing empty process `async_fifo_formal.$proc$async_fifo_formal.sv:49$9'.
Removing empty process `async_fifo_formal.$proc$async_fifo_formal.sv:46$7'.
Cleaned up 14 empty switches.

3.3.12. Executing OPT_EXPR pass (perform const folding).
Optimizing module $paramod$2622703013a2e8fd78bed7e43b32480f2b9c4b00\async_fifo.
<suppressed ~26 debug messages>
Optimizing module async_fifo_formal.
<suppressed ~3 debug messages>

3.4. Executing FUTURE pass.

3.5. Executing OPT_EXPR pass (perform const folding).
Optimizing module $paramod$2622703013a2e8fd78bed7e43b32480f2b9c4b00\async_fifo.
Optimizing module async_fifo_formal.

3.6. Executing OPT_CLEAN pass (remove unused cells and wires).
Finding unused cells or wires in module $paramod$2622703013a2e8fd78bed7e43b32480f2b9c4b00\async_fifo..
Finding unused cells or wires in module \async_fifo_formal..
Removed 21 unused cells and 102 unused wires.
<suppressed ~23 debug messages>

3.7. Executing CHECK pass (checking for obvious problems).
Checking module $paramod$2622703013a2e8fd78bed7e43b32480f2b9c4b00\async_fifo...
Checking module async_fifo_formal...
Found and reported 0 problems.

3.8. Executing OPT pass (performing simple optimizations).

3.8.1. Executing OPT_EXPR pass (perform const folding).
Optimizing module $paramod$2622703013a2e8fd78bed7e43b32480f2b9c4b00\async_fifo.
Optimizing module async_fifo_formal.

3.8.2. Executing OPT_MERGE pass (detect identical cells).
Finding identical cells in module `$paramod$2622703013a2e8fd78bed7e43b32480f2b9c4b00\async_fifo'.
Computing hashes of 43 cells of `$paramod$2622703013a2e8fd78bed7e43b32480f2b9c4b00\async_fifo'.
Finding duplicate cells in `$paramod$2622703013a2e8fd78bed7e43b32480f2b9c4b00\async_fifo'.
Finding identical cells in module `\async_fifo_formal'.
Computing hashes of 53 cells of `\async_fifo_formal'.
Finding duplicate cells in `\async_fifo_formal'.
Removed a total of 0 cells.

3.8.3. Executing OPT_MUXTREE pass (detect dead branches in mux trees).
Running muxtree optimizer on module $paramod$2622703013a2e8fd78bed7e43b32480f2b9c4b00\async_fifo..
  Creating internal representation of mux trees.
  Evaluating internal representation of mux trees.
  Analyzing evaluation results.
Running muxtree optimizer on module \async_fifo_formal..
  Creating internal representation of mux trees.
  Evaluating internal representation of mux trees.
  Analyzing evaluation results.
Removed 0 multiplexer ports.
<suppressed ~47 debug messages>

3.8.4. Executing OPT_REDUCE pass (consolidate $*mux and $reduce_* inputs).
  Optimizing cells in module $paramod$2622703013a2e8fd78bed7e43b32480f2b9c4b00\async_fifo.
  Optimizing cells in module \async_fifo_formal.
Performed a total of 0 changes.

3.8.5. Executing OPT_MERGE pass (detect identical cells).
Finding identical cells in module `$paramod$2622703013a2e8fd78bed7e43b32480f2b9c4b00\async_fifo'.
Computing hashes of 43 cells of `$paramod$2622703013a2e8fd78bed7e43b32480f2b9c4b00\async_fifo'.
Finding duplicate cells in `$paramod$2622703013a2e8fd78bed7e43b32480f2b9c4b00\async_fifo'.
Finding identical cells in module `\async_fifo_formal'.
Computing hashes of 53 cells of `\async_fifo_formal'.
Finding duplicate cells in `\async_fifo_formal'.
Computing hashes of 52 cells of `\async_fifo_formal'.
Finding duplicate cells in `\async_fifo_formal'.
<suppressed ~3 debug messages>
Removed a total of 1 cells.

3.8.6. Executing OPT_CLEAN pass (remove unused cells and wires).
Finding unused cells or wires in module $paramod$2622703013a2e8fd78bed7e43b32480f2b9c4b00\async_fifo..
Finding unused cells or wires in module \async_fifo_formal..
Removed 0 unused cells and 1 unused wires.
<suppressed ~1 debug messages>

3.8.7. Executing OPT_EXPR pass (perform const folding).
Optimizing module $paramod$2622703013a2e8fd78bed7e43b32480f2b9c4b00\async_fifo.
Optimizing module async_fifo_formal.

3.8.8. Rerunning OPT passes. (Maybe there is more to do..)

3.8.9. Executing OPT_MUXTREE pass (detect dead branches in mux trees).
Running muxtree optimizer on module $paramod$2622703013a2e8fd78bed7e43b32480f2b9c4b00\async_fifo..
  Creating internal representation of mux trees.
  Evaluating internal representation of mux trees.
  Analyzing evaluation results.
Running muxtree optimizer on module \async_fifo_formal..
  Creating internal representation of mux trees.
  Evaluating internal representation of mux trees.
  Analyzing evaluation results.
Removed 0 multiplexer ports.
<suppressed ~45 debug messages>

3.8.10. Executing OPT_REDUCE pass (consolidate $*mux and $reduce_* inputs).
  Optimizing cells in module $paramod$2622703013a2e8fd78bed7e43b32480f2b9c4b00\async_fifo.
  Optimizing cells in module \async_fifo_formal.
Performed a total of 0 changes.

3.8.11. Executing OPT_MERGE pass (detect identical cells).
Finding identical cells in module `$paramod$2622703013a2e8fd78bed7e43b32480f2b9c4b00\async_fifo'.
Computing hashes of 43 cells of `$paramod$2622703013a2e8fd78bed7e43b32480f2b9c4b00\async_fifo'.
Finding duplicate cells in `$paramod$2622703013a2e8fd78bed7e43b32480f2b9c4b00\async_fifo'.
Finding identical cells in module `\async_fifo_formal'.
Computing hashes of 52 cells of `\async_fifo_formal'.
Finding duplicate cells in `\async_fifo_formal'.
Removed a total of 0 cells.

3.8.12. Executing OPT_CLEAN pass (remove unused cells and wires).
Finding unused cells or wires in module $paramod$2622703013a2e8fd78bed7e43b32480f2b9c4b00\async_fifo..
Finding unused cells or wires in module \async_fifo_formal..

3.8.13. Executing OPT_EXPR pass (perform const folding).
Optimizing module $paramod$2622703013a2e8fd78bed7e43b32480f2b9c4b00\async_fifo.
Optimizing module async_fifo_formal.

3.8.14. Finished fast OPT passes. (There is nothing left to do.)

3.9. Executing WREDUCE pass (reducing word size of cells).
Removed top 31 bits (of 32) from port B of cell $paramod$2622703013a2e8fd78bed7e43b32480f2b9c4b00\async_fifo.$add$async_fifo.sv:38$60 ($add).
Removed top 29 bits (of 32) from port Y of cell $paramod$2622703013a2e8fd78bed7e43b32480f2b9c4b00\async_fifo.$add$async_fifo.sv:38$60 ($add).
Removed top 31 bits (of 32) from port B of cell $paramod$2622703013a2e8fd78bed7e43b32480f2b9c4b00\async_fifo.$add$async_fifo.sv:50$65 ($add).
Removed top 29 bits (of 32) from port Y of cell $paramod$2622703013a2e8fd78bed7e43b32480f2b9c4b00\async_fifo.$add$async_fifo.sv:50$65 ($add).
Removed top 1 bits (of 2) from port B of cell $paramod$2622703013a2e8fd78bed7e43b32480f2b9c4b00\async_fifo.$procmux$80_CMP0 ($eq).
Removed top 1 bits (of 2) from port B of cell $paramod$2622703013a2e8fd78bed7e43b32480f2b9c4b00\async_fifo.$procmux$105_CMP0 ($eq).
Removed top 29 bits (of 32) from wire $paramod$2622703013a2e8fd78bed7e43b32480f2b9c4b00\async_fifo.$add$async_fifo.sv:50$65_Y.
Removed top 29 bits (of 32) from wire $paramod$2622703013a2e8fd78bed7e43b32480f2b9c4b00\async_fifo.$add$async_fifo.sv:38$60_Y.
Removed top 30 bits (of 32) from port B of cell async_fifo_formal.$add$async_fifo_formal.sv:46$8 ($add).
Removed top 30 bits (of 32) from port B of cell async_fifo_formal.$add$async_fifo_formal.sv:49$10 ($add).
Removed top 31 bits (of 32) from port B of cell async_fifo_formal.$gt$async_fifo_formal.sv:57$20 ($gt).
Removed top 31 bits (of 32) from port B of cell async_fifo_formal.$gt$async_fifo_formal.sv:70$34 ($gt).
Removed top 29 bits (of 32) from port B of cell async_fifo_formal.$ge$async_fifo_formal.sv:74$38 ($ge).

3.10. Executing OPT_CLEAN pass (remove unused cells and wires).
Finding unused cells or wires in module $paramod$2622703013a2e8fd78bed7e43b32480f2b9c4b00\async_fifo..
Finding unused cells or wires in module \async_fifo_formal..
Removed 0 unused cells and 2 unused wires.
<suppressed ~1 debug messages>

3.11. Executing MEMORY_COLLECT pass (generating $mem cells).

3.12. Executing OPT pass (performing simple optimizations).

3.12.1. Executing OPT_EXPR pass (perform const folding).
Optimizing module $paramod$2622703013a2e8fd78bed7e43b32480f2b9c4b00\async_fifo.
Optimizing module async_fifo_formal.

3.12.2. Executing OPT_MERGE pass (detect identical cells).
Finding identical cells in module `$paramod$2622703013a2e8fd78bed7e43b32480f2b9c4b00\async_fifo'.
Computing hashes of 43 cells of `$paramod$2622703013a2e8fd78bed7e43b32480f2b9c4b00\async_fifo'.
Finding duplicate cells in `$paramod$2622703013a2e8fd78bed7e43b32480f2b9c4b00\async_fifo'.
Finding identical cells in module `\async_fifo_formal'.
Computing hashes of 52 cells of `\async_fifo_formal'.
Finding duplicate cells in `\async_fifo_formal'.
Removed a total of 0 cells.

3.12.3. Executing OPT_CLEAN pass (remove unused cells and wires).
Finding unused cells or wires in module $paramod$2622703013a2e8fd78bed7e43b32480f2b9c4b00\async_fifo..
Finding unused cells or wires in module \async_fifo_formal..

3.12.4. Finished fast OPT passes.

3.13. Executing SORT pass.

3.14. Printing statistics.

=== $paramod$2622703013a2e8fd78bed7e43b32480f2b9c4b00\async_fifo ===

        +----------Local Count, excluding submodules.
        | 
       50 wires
      196 wire bits
       20 public wires
       74 public wire bits
       10 ports
       24 port bits
       43 cells
        2   $add
        6   $adff
        4   $dff
        8   $eq
        3   $logic_and
        4   $logic_not
       14   $mux
        1   $ne
        1   $pmux

=== async_fifo_formal ===

        +----------Local Count, excluding submodules.
        | 
       51 wires
      189 wire bits
       12 public wires
       88 public wire bits
        7 ports
       14 port bits
       51 cells
        2   $add
       10   $check
        9   $dff
        1   $ge
        2   $gt
        4   $logic_and
        5   $logic_not
       16   $mux
        2   $not
        1 submodules
        1   $paramod$2622703013a2e8fd78bed7e43b32480f2b9c4b00\async_fifo

=== design hierarchy ===

        +----------Count including submodules.
        | 
       94 async_fifo_formal
       43 $paramod$2622703013a2e8fd78bed7e43b32480f2b9c4b00\async_fifo

        +----------Count including submodules.
        | 
      101 wires
      385 wire bits
       32 public wires
      162 public wire bits
       17 ports
       38 port bits
        - memories
        - memory bits
        - processes
       94 cells
        4   $add
        6   $adff
       10   $check
       13   $dff
        8   $eq
        1   $ge
        2   $gt
        7   $logic_and
        9   $logic_not
       30   $mux
        1   $ne
        2   $not
        1   $pmux
        1 submodules
        1   $paramod$2622703013a2e8fd78bed7e43b32480f2b9c4b00\async_fifo

3.15. Executing CHECK pass (checking for obvious problems).
Checking module $paramod$2622703013a2e8fd78bed7e43b32480f2b9c4b00\async_fifo...
Checking module async_fifo_formal...
Found and reported 0 problems.

4. Executing HIERARCHY pass (managing design hierarchy).
Attribute `top' found on module `async_fifo_formal'. Setting top module to async_fifo_formal.

4.1. Analyzing design hierarchy..
Top module:  \async_fifo_formal
Used module:     $paramod$2622703013a2e8fd78bed7e43b32480f2b9c4b00\async_fifo

4.2. Analyzing design hierarchy..
Top module:  \async_fifo_formal
Used module:     $paramod$2622703013a2e8fd78bed7e43b32480f2b9c4b00\async_fifo
Removed 0 unused modules.
Module async_fifo_formal directly or indirectly contains formal properties -> setting "keep" attribute.

5. Executing jny backend.

6. Executing RTLIL backend.
Output filename: ../model/design.il

Warnings: 1 unique messages, 1 total
End of script. Logfile hash: 3ba559aff4, CPU: user 0.03s system 0.03s, MEM: 18.12 MB peak
Yosys 0.62+0 (git sha1 8bbde80e0, g++ 11.4.0-1ubuntu1~22.04.2 -fPIC -O3)
Time spent: 21% 6x opt_expr (0 sec), 19% 5x opt_clean (0 sec), ...
