
 /----------------------------------------------------------------------------\
 |  yosys -- Yosys Open SYnthesis Suite                                       |
 |  Copyright (C) 2012 - 2026  Claire Xenia Wolf <claire@yosyshq.com>         |
 |  Distributed under an ISC-like license, type "license" to see terms        |
 \----------------------------------------------------------------------------/
 Yosys 0.62+0 (git sha1 8bbde80e0, g++ 11.4.0-1ubuntu1~22.04.2 -fPIC -O3)

-- Executing script file `design_smt2.ys' --

1. Executing RTLIL frontend.
Input filename: design_prep.il

2. Executing HIERARCHY pass (managing design hierarchy).
Attribute `top' found on module `async_fifo_formal'. Setting top module to async_fifo_formal.

2.1. Analyzing design hierarchy..
Top module:  \async_fifo_formal
Used module:     $paramod$2622703013a2e8fd78bed7e43b32480f2b9c4b00\async_fifo

2.2. Analyzing design hierarchy..
Top module:  \async_fifo_formal
Used module:     $paramod$2622703013a2e8fd78bed7e43b32480f2b9c4b00\async_fifo
Removed 0 unused modules.
Module async_fifo_formal directly or indirectly contains formal properties -> setting "keep" attribute.

3. Executing FORMALFF pass.

4. Executing DFFUNMAP pass (unmap clock enable and synchronous reset from FFs).

5. Printing statistics.

=== $paramod$2622703013a2e8fd78bed7e43b32480f2b9c4b00\async_fifo ===

        +----------Local Count, excluding submodules.
        | 
       91 wires
      348 wire bits
       21 public wires
       82 public wire bits
       10 ports
       24 port bits
       84 cells
        2   $add
       10   $anyinit
        1   $anyseq
        8   $eq
        2   $eqx
       14   $ff
        3   $logic_and
        4   $logic_not
       36   $mux
        1   $ne
        2   $not
        1   $pmux

=== async_fifo_formal ===

        +----------Local Count, excluding submodules.
        | 
       93 wires
      355 wire bits
       19 public wires
       95 public wire bits
        7 ports
       14 port bits
       84 cells
        2   $add
        6   $and
        7   $anyinit
        4   $assert
        4   $assume
        2   $eqx
       23   $ff
        2   $gt
        1   $initstate
        3   $logic_and
        5   $logic_not
       23   $mux
        2   $not
        1 submodules
        1   $paramod$2622703013a2e8fd78bed7e43b32480f2b9c4b00\async_fifo

=== design hierarchy ===

        +----------Count including submodules.
        | 
      168 async_fifo_formal
       84 $paramod$2622703013a2e8fd78bed7e43b32480f2b9c4b00\async_fifo

        +----------Count including submodules.
        | 
      184 wires
      703 wire bits
       40 public wires
      177 public wire bits
       17 ports
       38 port bits
        - memories
        - memory bits
        - processes
      168 cells
        4   $add
        6   $and
       17   $anyinit
        1   $anyseq
        4   $assert
        4   $assume
        8   $eq
        4   $eqx
       37   $ff
        2   $gt
        1   $initstate
        6   $logic_and
        9   $logic_not
       59   $mux
        1   $ne
        4   $not
        1   $pmux
        1 submodules
        1   $paramod$2622703013a2e8fd78bed7e43b32480f2b9c4b00\async_fifo

6. Executing SMT2 backend.

6.1. Executing BMUXMAP pass.

6.2. Executing DEMUXMAP pass.
Creating SMT-LIBv2 representation of module $paramod$2622703013a2e8fd78bed7e43b32480f2b9c4b00\async_fifo.
Creating SMT-LIBv2 representation of module async_fifo_formal.

End of script. Logfile hash: d1620483a8, CPU: user 0.01s system 0.01s, MEM: 16.94 MB peak
Yosys 0.62+0 (git sha1 8bbde80e0, g++ 11.4.0-1ubuntu1~22.04.2 -fPIC -O3)
Time spent: 71% 2x write_smt2 (0 sec), 15% 2x read_rtlil (0 sec), ...
