OpenLane v1.0.2 (ff5509f65b17bfa4068d5336495ab1718987ff69)
All rights reserved. (c) 2020-2025 Efabless Corporation and contributors.
Available under the Apache License, version 2.0. See the LICENSE file for more details.

[INFO]: Using configuration in '../home/yashwanth/aurora_v1/openlane/rocket/rocket_tile/config.json'...
[INFO]: PDK Root: /home/yashwanth/ciel/sky130/versions/0fe599b2afb6708d281543108caf8310912f54af
[INFO]: Process Design Kit: sky130B
[INFO]: Standard Cell Library: sky130_fd_sc_hd
[INFO]: Optimization Standard Cell Library: sky130_fd_sc_hd
[WARNING]: DIODE_INSERTION_STRATEGY is now deprecated; use GRT_REPAIR_ANTENNAS, DIODE_ON_PORTS and RUN_HEURISTIC_DIODE_INSERTION instead.
[INFO]: DIODE_INSERTION_STRATEGY set to 3. Setting GRT_REPAIR_ANTENNAS to 1
[INFO]: Run Directory: /home/yashwanth/aurora_v1/openlane/rocket/rocket_tile/runs/rt1
[INFO]: Removing existing /home/yashwanth/aurora_v1/openlane/rocket/rocket_tile/runs/rt1...
[INFO]: Saving runtime environment...
[INFO]: Preparing LEF files for the nom corner...
[INFO]: Preparing LEF files for the min corner...
[INFO]: Preparing LEF files for the max corner...
[STEP 1]
[INFO]: Running Synthesis (log: ../home/yashwanth/aurora_v1/openlane/rocket/rocket_tile/runs/rt1/logs/synthesis/1-synthesis.log)...
[STEP 2]
[INFO]: Running Single-Corner Static Timing Analysis (log: ../home/yashwanth/aurora_v1/openlane/rocket/rocket_tile/runs/rt1/logs/synthesis/2-sta.log)...
[STEP 3]
[INFO]: Running Initial Floorplanning (log: ../home/yashwanth/aurora_v1/openlane/rocket/rocket_tile/runs/rt1/logs/floorplan/3-initial_fp.log)...
[INFO]: Floorplanned with width 3459.66 and height 3457.12.
[STEP 4]
[INFO]: Running IO Placement...
[STEP 5]
[INFO]: Running Global Placement (log: ../home/yashwanth/aurora_v1/openlane/rocket/rocket_tile/runs/rt1/logs/placement/5-global.log)...
[STEP 6]
[INFO]: Running Single-Corner Static Timing Analysis (log: ../home/yashwanth/aurora_v1/openlane/rocket/rocket_tile/runs/rt1/logs/placement/6-gpl_sta.log)...
[STEP 7]
[INFO]: Running basic macro placement (log: ../home/yashwanth/aurora_v1/openlane/rocket/rocket_tile/runs/rt1/logs/placement/7-basic_mp.log)...
[STEP 8]
[INFO]: Running Tap/Decap Insertion (log: ../home/yashwanth/aurora_v1/openlane/rocket/rocket_tile/runs/rt1/logs/floorplan/8-tap.log)...
[INFO]: Power planning with power {VPWR} and ground {VGND}...
[STEP 9]
[INFO]: Generating PDN (log: ../home/yashwanth/aurora_v1/openlane/rocket/rocket_tile/runs/rt1/logs/floorplan/9-pdn.log)...
[STEP 10]
[INFO]: Running Global Placement (log: ../home/yashwanth/aurora_v1/openlane/rocket/rocket_tile/runs/rt1/logs/placement/10-global.log)...
[STEP 11]
[INFO]: Running Single-Corner Static Timing Analysis (log: ../home/yashwanth/aurora_v1/openlane/rocket/rocket_tile/runs/rt1/logs/placement/11-gpl_sta.log)...
[STEP 12]
[INFO]: Running Placement Resizer Design Optimizations (log: ../home/yashwanth/aurora_v1/openlane/rocket/rocket_tile/runs/rt1/logs/placement/12-resizer.log)...
[STEP 13]
[INFO]: Running Detailed Placement (log: ../home/yashwanth/aurora_v1/openlane/rocket/rocket_tile/runs/rt1/logs/placement/13-detailed.log)...
[STEP 14]
[INFO]: Running Single-Corner Static Timing Analysis (log: ../home/yashwanth/aurora_v1/openlane/rocket/rocket_tile/runs/rt1/logs/placement/14-dpl_sta.log)...
[STEP 15]
[INFO]: Running Clock Tree Synthesis (log: ../home/yashwanth/aurora_v1/openlane/rocket/rocket_tile/runs/rt1/logs/cts/15-cts.log)...
[STEP 16]
[INFO]: Running Single-Corner Static Timing Analysis (log: ../home/yashwanth/aurora_v1/openlane/rocket/rocket_tile/runs/rt1/logs/cts/16-cts_sta.log)...
[STEP 17]
[INFO]: Running Placement Resizer Timing Optimizations (log: ../home/yashwanth/aurora_v1/openlane/rocket/rocket_tile/runs/rt1/logs/cts/17-resizer.log)...
[STEP 18]
[INFO]: Running Global Routing Resizer Design Optimizations (log: ../home/yashwanth/aurora_v1/openlane/rocket/rocket_tile/runs/rt1/logs/routing/18-resizer_design.log)...
[STEP 19]
[INFO]: Running Single-Corner Static Timing Analysis (log: ../home/yashwanth/aurora_v1/openlane/rocket/rocket_tile/runs/rt1/logs/routing/19-rsz_design_sta.log)...
[STEP 20]
[INFO]: Running Global Routing Resizer Timing Optimizations (log: ../home/yashwanth/aurora_v1/openlane/rocket/rocket_tile/runs/rt1/logs/routing/20-resizer_timing.log)...
[STEP 21]
[INFO]: Running Single-Corner Static Timing Analysis (log: ../home/yashwanth/aurora_v1/openlane/rocket/rocket_tile/runs/rt1/logs/routing/21-rsz_timing_sta.log)...
[STEP 22]
[INFO]: Running Global Routing (log: ../home/yashwanth/aurora_v1/openlane/rocket/rocket_tile/runs/rt1/logs/routing/22-global.log)...
[INFO]: Starting OpenROAD Antenna Repair Iterations...
[INFO]: Starting antenna repair iteration 1 with 4 violations...
[INFO]: [Iteration 1] Failed to reduce antenna violations (4 -> 4), stopping iterations...
[STEP 23]
[INFO]: Writing Verilog (log: ../home/yashwanth/aurora_v1/openlane/rocket/rocket_tile/runs/rt1/logs/routing/22-global_write_netlist.log)...
[STEP 24]
[INFO]: Running Single-Corner Static Timing Analysis (log: ../home/yashwanth/aurora_v1/openlane/rocket/rocket_tile/runs/rt1/logs/routing/24-grt_sta.log)...
[STEP 25]
[INFO]: Running Fill Insertion (log: ../home/yashwanth/aurora_v1/openlane/rocket/rocket_tile/runs/rt1/logs/routing/25-fill.log)...
[STEP 26]
[INFO]: Running Detailed Routing (log: ../home/yashwanth/aurora_v1/openlane/rocket/rocket_tile/runs/rt1/logs/routing/26-detailed.log)...
[ERROR]: Step 26 (routing) failed with error:
-code 1 -level 0 -errorcode NONE -errorinfo {no such variable
    (read trace on "::env(PWD)")
    invoked from within
"relpath $::env(PWD) $arg_values(-indexed_log)"
    (procedure "run_tcl_script" line 170)
    invoked from within
"run_tcl_script -tool openroad -no_consume {*}$args"
    (procedure "run_openroad_script" line 2)
    invoked from within
"run_openroad_script $::env(SCRIPTS_DIR)/openroad/droute.tcl -indexed_log $log -save "to=$::env(routing_results),noindex,def,odb,netlist,powered_netlis..."
    (procedure "detailed_routing_tritonroute" line 14)
    invoked from within
"detailed_routing_tritonroute {*}$args"
    (procedure "detailed_routing" line 2)
    invoked from within
"detailed_routing"
    (procedure "run_routing" line 32)
    invoked from within
"run_routing"
    (procedure "run_routing_step" line 7)
    invoked from within
"run_routing_step"} -errorline 1
[INFO]: Saving current set of views in '../home/yashwanth/aurora_v1/openlane/rocket/rocket_tile/runs/rt1/results/final'...
[INFO]: Generating final set of reports...
[INFO]: Created manufacturability report at '../home/yashwanth/aurora_v1/openlane/rocket/rocket_tile/runs/rt1/reports/manufacturability.rpt'.
[INFO]: Created metrics report at '../home/yashwanth/aurora_v1/openlane/rocket/rocket_tile/runs/rt1/reports/metrics.csv'.
[INFO]: Saving runtime environment...
[ERROR]: Flow failed.
