OpenLane v1.0.2 (ff5509f65b17bfa4068d5336495ab1718987ff69)
All rights reserved. (c) 2020-2025 Efabless Corporation and contributors.
Available under the Apache License, version 2.0. See the LICENSE file for more details.

[INFO]: Using configuration in '../home/yashwanth/aurora_v1/openlane/rocket/rocket_tile/config.json'...
[INFO]: PDK Root: /home/yashwanth/ciel/sky130/versions/0fe599b2afb6708d281543108caf8310912f54af
[INFO]: Process Design Kit: sky130B
[INFO]: Standard Cell Library: sky130_fd_sc_hd
[INFO]: Optimization Standard Cell Library: sky130_fd_sc_hd
[WARNING]: DIODE_INSERTION_STRATEGY is now deprecated; use GRT_REPAIR_ANTENNAS, DIODE_ON_PORTS and RUN_HEURISTIC_DIODE_INSERTION instead.
[INFO]: DIODE_INSERTION_STRATEGY set to 3. Setting GRT_REPAIR_ANTENNAS to 1
[INFO]: Run Directory: /home/yashwanth/aurora_v1/openlane/rocket/rocket_tile/runs/rt10
[INFO]: Saving runtime environment...
[INFO]: Preparing LEF files for the nom corner...
[INFO]: Preparing LEF files for the min corner...
[INFO]: Preparing LEF files for the max corner...
[STEP 1]
[INFO]: Running Initial Floorplanning (log: ../home/yashwanth/aurora_v1/openlane/rocket/rocket_tile/runs/rt10/logs/floorplan/1-initial_fp.log)...
[INFO]: Floorplanned with width 6959.34 and height 2556.8.
[STEP 2]
[INFO]: Running IO Placement...
[STEP 3]
[INFO]: Performing Manual Macro Placement (log: ../home/yashwanth/aurora_v1/openlane/rocket/rocket_tile/runs/rt10/logs/placement/3-macro_placement.log)...
[STEP 4]
[INFO]: Running Tap/Decap Insertion (log: ../home/yashwanth/aurora_v1/openlane/rocket/rocket_tile/runs/rt10/logs/floorplan/4-tap.log)...
[INFO]: Power planning with power {VPWR} and ground {VGND}...
[STEP 5]
[INFO]: Generating PDN (log: ../home/yashwanth/aurora_v1/openlane/rocket/rocket_tile/runs/rt10/logs/floorplan/5-pdn.log)...
[STEP 6]
[INFO]: Running Global Placement (log: ../home/yashwanth/aurora_v1/openlane/rocket/rocket_tile/runs/rt10/logs/placement/6-global.log)...
[STEP 7]
[INFO]: Running Single-Corner Static Timing Analysis (log: ../home/yashwanth/aurora_v1/openlane/rocket/rocket_tile/runs/rt10/logs/placement/7-gpl_sta.log)...
[STEP 8]
[INFO]: Running Placement Resizer Design Optimizations (log: ../home/yashwanth/aurora_v1/openlane/rocket/rocket_tile/runs/rt10/logs/placement/8-resizer.log)...
[STEP 9]
[INFO]: Running Detailed Placement (log: ../home/yashwanth/aurora_v1/openlane/rocket/rocket_tile/runs/rt10/logs/placement/9-detailed.log)...
[STEP 10]
[INFO]: Running Single-Corner Static Timing Analysis (log: ../home/yashwanth/aurora_v1/openlane/rocket/rocket_tile/runs/rt10/logs/placement/10-dpl_sta.log)...
[STEP 11]
[INFO]: Running Clock Tree Synthesis (log: ../home/yashwanth/aurora_v1/openlane/rocket/rocket_tile/runs/rt10/logs/cts/11-cts.log)...
[STEP 12]
[INFO]: Running Single-Corner Static Timing Analysis (log: ../home/yashwanth/aurora_v1/openlane/rocket/rocket_tile/runs/rt10/logs/cts/12-cts_sta.log)...
[STEP 13]
[INFO]: Running Placement Resizer Timing Optimizations (log: ../home/yashwanth/aurora_v1/openlane/rocket/rocket_tile/runs/rt10/logs/cts/13-resizer.log)...
[STEP 14]
[INFO]: Running Global Routing Resizer Design Optimizations (log: ../home/yashwanth/aurora_v1/openlane/rocket/rocket_tile/runs/rt10/logs/routing/14-resizer_design.log)...
[STEP 15]
[INFO]: Running Single-Corner Static Timing Analysis (log: ../home/yashwanth/aurora_v1/openlane/rocket/rocket_tile/runs/rt10/logs/routing/15-rsz_design_sta.log)...
[STEP 16]
[INFO]: Running Global Routing Resizer Timing Optimizations (log: ../home/yashwanth/aurora_v1/openlane/rocket/rocket_tile/runs/rt10/logs/routing/16-resizer_timing.log)...
[STEP 17]
[INFO]: Running Single-Corner Static Timing Analysis (log: ../home/yashwanth/aurora_v1/openlane/rocket/rocket_tile/runs/rt10/logs/routing/17-rsz_timing_sta.log)...
[STEP 18]
[INFO]: Applying Routing Obstructions (log: ../home/yashwanth/aurora_v1/openlane/rocket/rocket_tile/runs/rt10/logs/routing/18-obs.log)...
[ERROR]: during executing: "openroad -exit -no_init -python /openlane/scripts/odbpy/defutil.py add_obstructions --obstructions {} --input-lef /home/yashwanth/aurora_v1/openlane/rocket/rocket_tile/runs/rt10/tmp/merged.nom.lef --output-def /home/yashwanth/aurora_v1/openlane/rocket/rocket_tile/runs/rt10/tmp/16-RocketTile.obs.def --output /home/yashwanth/aurora_v1/openlane/rocket/rocket_tile/runs/rt10/tmp/16-RocketTile.obs.odb /home/yashwanth/aurora_v1/openlane/rocket/rocket_tile/runs/rt10/tmp/16-RocketTile.odb |& tee /dev/null /home/yashwanth/aurora_v1/openlane/rocket/rocket_tile/runs/rt10/logs/routing/18-obs.log"
[ERROR]: Exit code: 1
[ERROR]: Last 10 lines:
    return ctx.invoke(self.callback, **ctx.params)
  File "/usr/local/lib/python3.6/site-packages/click/core.py", line 754, in invoke
    return __callback(*args, **kwargs)
  File "/openlane/scripts/odbpy/reader.py", line 76, in wrapper
    function(**kwargs)
  File "/openlane/scripts/odbpy/defutil.py", line 450, in add_obstructions
    obs
AssertionError: Incorrectly formatted input ().
 Format: layer llx lly urx ury, ...
child process exited abnormally


[STEP 19]
[INFO]: Running SPEF Extraction at the min process corner (log: ../home/yashwanth/aurora_v1/openlane/rocket/rocket_tile/runs/rt10/logs/signoff/19-parasitics_extraction.min.log)...
[STEP 20]
[INFO]: Running Multi-Corner Static Timing Analysis at the min process corner (log: ../home/yashwanth/aurora_v1/openlane/rocket/rocket_tile/runs/rt10/logs/signoff/20-rcx_mcsta.min.log)...
[ERROR]: during executing sta script /openlane/scripts/openroad/sta/multi_corner.tcl
[ERROR]: Log: ../home/yashwanth/aurora_v1/openlane/rocket/rocket_tile/runs/rt10/logs/signoff/20-rcx_mcsta.min.log
[ERROR]: Last 10 lines:
Using 1e+00 for voltage...
Using 1e-03 for current...
Using 1e-09 for power...
Using 1e-06 for distance...
Reading netlist '/home/yashwanth/aurora_v1/openlane/rocket/rocket_tile/runs/rt10/tmp/16-RocketTile.nl.v'…
Warning: /home/yashwanth/aurora_v1/openlane/rocket/rocket_tile/runs/rt10/tmp/16-RocketTile.nl.v line 827988, module sky130_sram_2kbyte_1rw1r_32x512_8 not found. Creating black box for \dcache.data.rockettile_dcache_data_arrays_0.rockettile_dcache_data_arrays_0_ext.g_bank[0].u_sram .
Warning: /home/yashwanth/aurora_v1/openlane/rocket/rocket_tile/runs/rt10/tmp/16-RocketTile.nl.v line 836988, module sky130_fd_sc_hd__tapvpwrvgnd_1 not found. Creating black box for TAP_7032.
Reading design constraints file at '/home/yashwanth/aurora_v1/openlane/rocket/rocket_tile/runs/rt10/tmp/16-RocketTile.sdc'…
Error: cannot read file /home/yashwanth/aurora_v1/openlane/rocket/rocket_tile/runs/rt10/tmp/mca/process_corner_min/RocketTile.spef.
child process exited abnormally

[ERROR]: Creating issue reproducible...
[INFO]: Saving runtime environment...
OpenLane TCL Issue Packager

EFABLESS CORPORATION AND ALL AUTHORS OF THE OPENLANE PROJECT SHALL NOT BE HELD
LIABLE FOR ANY LEAKS THAT MAY OCCUR TO ANY PROPRIETARY DATA AS A RESULT OF USING
THIS SCRIPT. THIS SCRIPT IS PROVIDED ON AN "AS IS" BASIS, WITHOUT WARRANTIES OR
CONDITIONS OF ANY KIND.

BY USING THIS SCRIPT, YOU ACKNOWLEDGE THAT YOU FULLY UNDERSTAND THIS DISCLAIMER
AND ALL IT ENTAILS.

Parsing config file(s)…
Setting up /home/yashwanth/aurora_v1/openlane/rocket/rocket_tile/runs/rt10/issue_reproducible…
Done.
[INFO]: Reproducible packaged: Please tarball and upload '../home/yashwanth/aurora_v1/openlane/rocket/rocket_tile/runs/rt10/issue_reproducible' if you're going to submit an issue.

[STEP 21]
[INFO]: Running Magic to generate various views...
[INFO]: Streaming out GDSII with Magic (log: ../home/yashwanth/aurora_v1/openlane/rocket/rocket_tile/runs/rt10/logs/signoff/21-gdsii.log)...
[INFO]: Generating MAGLEF views...
[INFO]: Generating lef with Magic (/home/yashwanth/aurora_v1/openlane/rocket/rocket_tile/runs/rt10/logs/signoff/21-lef.log)...
[STEP 22]
[INFO]: Running Magic DRC (log: ../home/yashwanth/aurora_v1/openlane/rocket/rocket_tile/runs/rt10/logs/signoff/22-drc.log)...
[INFO]: Converting Magic DRC database to various tool-readable formats...
[STEP 23]
[INFO]: Running Magic Spice Export from LEF (log: ../home/yashwanth/aurora_v1/openlane/rocket/rocket_tile/runs/rt10/logs/signoff/23-spice.log)...
[STEP 24]
[INFO]: Writing Powered Verilog (logs: ../home/yashwanth/aurora_v1/openlane/rocket/rocket_tile/runs/rt10/logs/signoff/24-write_powered_def.log, ../home/yashwanth/aurora_v1/openlane/rocket/rocket_tile/runs/rt10/logs/signoff/24-write_powered_verilog.log)...
[STEP 25]
[INFO]: Writing Verilog (log: ../home/yashwanth/aurora_v1/openlane/rocket/rocket_tile/runs/rt10/logs/signoff/24-write_powered_verilog.log)...
[ERROR]: during executing openroad script /openlane/scripts/openroad/write_views.tcl
[ERROR]: Log: ../home/yashwanth/aurora_v1/openlane/rocket/rocket_tile/runs/rt10/logs/signoff/24-write_powered_verilog.log
[ERROR]: Last 10 lines:
Using 1e-12 for capacitance...
Using 1e+03 for resistance...
Using 1e-09 for time...
Using 1e+00 for voltage...
Using 1e-03 for current...
Using 1e-09 for power...
Using 1e-06 for distance...
Reading design constraints file at '/home/yashwanth/aurora_v1/openlane/rocket/rocket_tile/runs/rt10/tmp/16-RocketTile.sdc'…
cannot read file /home/yashwanth/aurora_v1/openlane/rocket/rocket_tile/runs/rt10/tmp/mca/process_corner_min/RocketTile.spef.
child process exited abnormally

[ERROR]: Creating issue reproducible...
[INFO]: Saving runtime environment...
OpenLane TCL Issue Packager

EFABLESS CORPORATION AND ALL AUTHORS OF THE OPENLANE PROJECT SHALL NOT BE HELD
LIABLE FOR ANY LEAKS THAT MAY OCCUR TO ANY PROPRIETARY DATA AS A RESULT OF USING
THIS SCRIPT. THIS SCRIPT IS PROVIDED ON AN "AS IS" BASIS, WITHOUT WARRANTIES OR
CONDITIONS OF ANY KIND.

BY USING THIS SCRIPT, YOU ACKNOWLEDGE THAT YOU FULLY UNDERSTAND THIS DISCLAIMER
AND ALL IT ENTAILS.

Parsing config file(s)…
Setting up /home/yashwanth/aurora_v1/openlane/rocket/rocket_tile/runs/rt10/issue_reproducible…
Done.
[INFO]: Reproducible packaged: Please tarball and upload '../home/yashwanth/aurora_v1/openlane/rocket/rocket_tile/runs/rt10/issue_reproducible' if you're going to submit an issue.

[STEP 26]
[INFO]: Running Magic Antenna Checks (log: ../home/yashwanth/aurora_v1/openlane/rocket/rocket_tile/runs/rt10/logs/signoff/26-magic_antenna.log)...
[INFO]: Saving current set of views in '../home/yashwanth/aurora_v1/openlane/rocket/rocket_tile/runs/rt10/results/final'...
[INFO]: Generating final set of reports...
[ERROR]: Failed to create manufacturability and metric reports:
[ERROR]: Failed to extract runtime info for RocketTile/rt10: Attempted to generate report on a non-finalized run.
=== RT10_SIGNOFF_DONE ===
