OpenLane v1.0.2 (ff5509f65b17bfa4068d5336495ab1718987ff69)
All rights reserved. (c) 2020-2025 Efabless Corporation and contributors.
Available under the Apache License, version 2.0. See the LICENSE file for more details.

[INFO]: Using configuration in '../home/yashwanth/aurora_v1/openlane/rocket/rocket_tile/config.json'...
[INFO]: PDK Root: /home/yashwanth/ciel/sky130/versions/0fe599b2afb6708d281543108caf8310912f54af
[INFO]: Process Design Kit: sky130B
[INFO]: Standard Cell Library: sky130_fd_sc_hd
[INFO]: Optimization Standard Cell Library: sky130_fd_sc_hd
[WARNING]: DIODE_INSERTION_STRATEGY is now deprecated; use GRT_REPAIR_ANTENNAS, DIODE_ON_PORTS and RUN_HEURISTIC_DIODE_INSERTION instead.
[INFO]: DIODE_INSERTION_STRATEGY set to 3. Setting GRT_REPAIR_ANTENNAS to 1
[INFO]: Run Directory: /home/yashwanth/aurora_v1/openlane/rocket/rocket_tile/runs/rt3
[INFO]: Saving runtime environment...
[INFO]: Preparing LEF files for the nom corner...
[INFO]: Preparing LEF files for the min corner...
[INFO]: Preparing LEF files for the max corner...
[STEP 1]
[INFO]: Running Initial Floorplanning (log: ../home/yashwanth/aurora_v1/openlane/rocket/rocket_tile/runs/rt3/logs/floorplan/1-initial_fp.log)...
[ERROR]: during executing openroad script /openlane/scripts/openroad/floorplan.tcl
[ERROR]: Log: ../home/yashwanth/aurora_v1/openlane/rocket/rocket_tile/runs/rt3/logs/floorplan/1-initial_fp.log
[ERROR]: Last 10 lines:
[INFO ODB-0222] Reading LEF file: /home/yashwanth/aurora_v1/openlane/rocket/rocket_tile/runs/rt3/tmp/merged.nom.lef
[INFO ODB-0223]     Created 14 technology layers
[INFO ODB-0224]     Created 25 technology vias
[INFO ODB-0225]     Created 442 library cells
[INFO ODB-0226] Finished LEF file:  /home/yashwanth/aurora_v1/openlane/rocket/rocket_tile/runs/rt3/tmp/merged.nom.lef
Reading netlist '/home/yashwanth/aurora_v1/openlane/rocket/rocket_tile/runs/rt2/results/synthesis/RocketTile.v'…
Reading design constraints file at '/home/yashwanth/aurora_v1/openlane/rocket/rocket_tile/runs/rt2/tmp/synthesis/synthesis.sdc'…
[ERROR STA-0574] missing -lib_cell argument.
Error: synthesis.sdc, 1 STA-0574
child process exited abnormally

[ERROR]: Creating issue reproducible...
[INFO]: Saving runtime environment...
OpenLane TCL Issue Packager

EFABLESS CORPORATION AND ALL AUTHORS OF THE OPENLANE PROJECT SHALL NOT BE HELD
LIABLE FOR ANY LEAKS THAT MAY OCCUR TO ANY PROPRIETARY DATA AS A RESULT OF USING
THIS SCRIPT. THIS SCRIPT IS PROVIDED ON AN "AS IS" BASIS, WITHOUT WARRANTIES OR
CONDITIONS OF ANY KIND.

BY USING THIS SCRIPT, YOU ACKNOWLEDGE THAT YOU FULLY UNDERSTAND THIS DISCLAIMER
AND ALL IT ENTAILS.

Parsing config file(s)…
Setting up /home/yashwanth/aurora_v1/openlane/rocket/rocket_tile/runs/rt3/issue_reproducible…
Done.
[INFO]: Reproducible packaged: Please tarball and upload '../home/yashwanth/aurora_v1/openlane/rocket/rocket_tile/runs/rt3/issue_reproducible' if you're going to submit an issue.

invalid command name "run_placement_step"
invalid command name "run_cts_step"
invalid command name "run_routing_step"
invalid command name "run_parasitics_sta_step"
invalid command name "run_magic_step"
invalid command name "run_lvs_step"
invalid command name "run_drc_step"
invalid command name "run_antenna_check_step"
[INFO]: Saving current set of views in '../home/yashwanth/aurora_v1/openlane/rocket/rocket_tile/runs/rt3/results/final'...
[INFO]: Generating final set of reports...
[ERROR]: Failed to create manufacturability and metric reports:
[ERROR]: Failed to extract runtime info for RocketTile/rt3: Attempted to generate report on a non-finalized run.
=== RT3_BACKEND_DONE ===
