OpenLane v1.0.2 (ff5509f65b17bfa4068d5336495ab1718987ff69)
All rights reserved. (c) 2020-2025 Efabless Corporation and contributors.
Available under the Apache License, version 2.0. See the LICENSE file for more details.

[INFO]: Using configuration in '../home/yashwanth/aurora_v1/openlane/rocket/rocket_tile/config.json'...
[INFO]: PDK Root: /home/yashwanth/ciel/sky130/versions/0fe599b2afb6708d281543108caf8310912f54af
[INFO]: Process Design Kit: sky130B
[INFO]: Standard Cell Library: sky130_fd_sc_hd
[INFO]: Optimization Standard Cell Library: sky130_fd_sc_hd
[WARNING]: DIODE_INSERTION_STRATEGY is now deprecated; use GRT_REPAIR_ANTENNAS, DIODE_ON_PORTS and RUN_HEURISTIC_DIODE_INSERTION instead.
[INFO]: DIODE_INSERTION_STRATEGY set to 3. Setting GRT_REPAIR_ANTENNAS to 1
[INFO]: Run Directory: /home/yashwanth/aurora_v1/openlane/rocket/rocket_tile/runs/rt8
[INFO]: Saving runtime environment...
[INFO]: Preparing LEF files for the nom corner...
[INFO]: Preparing LEF files for the min corner...
[INFO]: Preparing LEF files for the max corner...
[STEP 1]
[INFO]: Running Initial Floorplanning (log: ../home/yashwanth/aurora_v1/openlane/rocket/rocket_tile/runs/rt8/logs/floorplan/1-initial_fp.log)...
[INFO]: Floorplanned with width 6959.34 and height 2556.8.
[STEP 2]
[INFO]: Running IO Placement...
[STEP 3]
[INFO]: Performing Manual Macro Placement (log: ../home/yashwanth/aurora_v1/openlane/rocket/rocket_tile/runs/rt8/logs/placement/3-macro_placement.log)...
[STEP 4]
[INFO]: Running Tap/Decap Insertion (log: ../home/yashwanth/aurora_v1/openlane/rocket/rocket_tile/runs/rt8/logs/floorplan/4-tap.log)...
[INFO]: Power planning with power {VPWR} and ground {VGND}...
[ERROR]: Can't find vccd1 and vssd1 domain.  Make sure that both exist in VPWR and VGND.
[STEP 5]
[INFO]: Generating PDN (log: ../home/yashwanth/aurora_v1/openlane/rocket/rocket_tile/runs/rt8/logs/floorplan/5-pdn.log)...
[STEP 6]
[INFO]: Running Global Placement (log: ../home/yashwanth/aurora_v1/openlane/rocket/rocket_tile/runs/rt8/logs/placement/6-global.log)...
