OpenLane v1.0.2 (ff5509f65b17bfa4068d5336495ab1718987ff69)
All rights reserved. (c) 2020-2025 Efabless Corporation and contributors.
Available under the Apache License, version 2.0. See the LICENSE file for more details.

[INFO]: Using configuration in '../home/yashwanth/aurora_v1/openlane/rocket/rocket_tile/config.json'...
[INFO]: PDK Root: /home/yashwanth/ciel/sky130/versions/0fe599b2afb6708d281543108caf8310912f54af
[INFO]: Process Design Kit: sky130B
[INFO]: Standard Cell Library: sky130_fd_sc_hd
[INFO]: Optimization Standard Cell Library: sky130_fd_sc_hd
[WARNING]: DIODE_INSERTION_STRATEGY is now deprecated; use GRT_REPAIR_ANTENNAS, DIODE_ON_PORTS and RUN_HEURISTIC_DIODE_INSERTION instead.
[INFO]: DIODE_INSERTION_STRATEGY set to 3. Setting GRT_REPAIR_ANTENNAS to 1
[INFO]: Run Directory: /home/yashwanth/aurora_v1/openlane/rocket/rocket_tile/runs/rt4
[INFO]: Saving runtime environment...
[INFO]: Preparing LEF files for the nom corner...
[INFO]: Preparing LEF files for the min corner...
[INFO]: Preparing LEF files for the max corner...
[STEP 1]
[INFO]: Running Synthesis (log: ../home/yashwanth/aurora_v1/openlane/rocket/rocket_tile/runs/rt4/logs/synthesis/1-synthesis.log)...
[STEP 2]
[INFO]: Running Single-Corner Static Timing Analysis (log: ../home/yashwanth/aurora_v1/openlane/rocket/rocket_tile/runs/rt4/logs/synthesis/2-sta.log)...
[STEP 3]
[INFO]: Running Initial Floorplanning (log: ../home/yashwanth/aurora_v1/openlane/rocket/rocket_tile/runs/rt4/logs/floorplan/3-initial_fp.log)...
[INFO]: Floorplanned with width 3959.68 and height 3957.6.
[STEP 4]
[INFO]: Running IO Placement...
[STEP 5]
[INFO]: Performing Manual Macro Placement (log: ../home/yashwanth/aurora_v1/openlane/rocket/rocket_tile/runs/rt4/logs/placement/5-macro_placement.log)...
[STEP 6]
[INFO]: Running Tap/Decap Insertion (log: ../home/yashwanth/aurora_v1/openlane/rocket/rocket_tile/runs/rt4/logs/floorplan/6-tap.log)...
[INFO]: Power planning with power {VPWR} and ground {VGND}...
[STEP 7]
[INFO]: Generating PDN (log: ../home/yashwanth/aurora_v1/openlane/rocket/rocket_tile/runs/rt4/logs/floorplan/7-pdn.log)...
[STEP 8]
[INFO]: Running Global Placement (log: ../home/yashwanth/aurora_v1/openlane/rocket/rocket_tile/runs/rt4/logs/placement/8-global.log)...
[STEP 9]
[INFO]: Running Single-Corner Static Timing Analysis (log: ../home/yashwanth/aurora_v1/openlane/rocket/rocket_tile/runs/rt4/logs/placement/9-gpl_sta.log)...
[STEP 10]
[INFO]: Running Placement Resizer Design Optimizations (log: ../home/yashwanth/aurora_v1/openlane/rocket/rocket_tile/runs/rt4/logs/placement/10-resizer.log)...
[STEP 11]
[INFO]: Running Detailed Placement (log: ../home/yashwanth/aurora_v1/openlane/rocket/rocket_tile/runs/rt4/logs/placement/11-detailed.log)...
[STEP 12]
[INFO]: Running Single-Corner Static Timing Analysis (log: ../home/yashwanth/aurora_v1/openlane/rocket/rocket_tile/runs/rt4/logs/placement/12-dpl_sta.log)...
[STEP 13]
[INFO]: Running Clock Tree Synthesis (log: ../home/yashwanth/aurora_v1/openlane/rocket/rocket_tile/runs/rt4/logs/cts/13-cts.log)...
[STEP 14]
[INFO]: Running Single-Corner Static Timing Analysis (log: ../home/yashwanth/aurora_v1/openlane/rocket/rocket_tile/runs/rt4/logs/cts/14-cts_sta.log)...
[STEP 15]
[INFO]: Running Placement Resizer Timing Optimizations (log: ../home/yashwanth/aurora_v1/openlane/rocket/rocket_tile/runs/rt4/logs/cts/15-resizer.log)...
[STEP 16]
[INFO]: Running Global Routing Resizer Design Optimizations (log: ../home/yashwanth/aurora_v1/openlane/rocket/rocket_tile/runs/rt4/logs/routing/16-resizer_design.log)...
[ERROR]: Step 16 (routing) failed with error:
-code 1 -level 0 -errorcode NONE -errorinfo {no such variable
    (read trace on "::env(PWD)")
    invoked from within
"relpath $::env(PWD) $arg_values(-indexed_log)"
    (procedure "run_tcl_script" line 170)
    invoked from within
"run_tcl_script -tool openroad -no_consume {*}$args"
    (procedure "run_openroad_script" line 2)
    invoked from within
"run_openroad_script $::env(SCRIPTS_DIR)/openroad/resizer_routing_design.tcl -indexed_log $log -save "dir=$::env(routing_tmpfiles),def,sdc,odb,netlist,..."
    (procedure "run_resizer_design_routing" line 9)
    invoked from within
"run_resizer_design_routing"
    (procedure "run_routing" line 8)
    invoked from within
"run_routing"
    (procedure "run_routing_step" line 7)
    invoked from within
"run_routing_step"} -errorline 1
[INFO]: Saving current set of views in '../home/yashwanth/aurora_v1/openlane/rocket/rocket_tile/runs/rt4/results/final'...
[INFO]: Generating final set of reports...
[INFO]: Created manufacturability report at '../home/yashwanth/aurora_v1/openlane/rocket/rocket_tile/runs/rt4/reports/manufacturability.rpt'.
[INFO]: Created metrics report at '../home/yashwanth/aurora_v1/openlane/rocket/rocket_tile/runs/rt4/reports/metrics.csv'.
[INFO]: Saving runtime environment...
[ERROR]: Flow failed.
