OpenLane v1.0.2 (ff5509f65b17bfa4068d5336495ab1718987ff69)
All rights reserved. (c) 2020-2025 Efabless Corporation and contributors.
Available under the Apache License, version 2.0. See the LICENSE file for more details.

[INFO]: Using configuration in '../home/yashwanth/aurora_v1/openlane/rocket/rocket_tile/config.json'...
[INFO]: PDK Root: /home/yashwanth/ciel/sky130/versions/0fe599b2afb6708d281543108caf8310912f54af
[INFO]: Process Design Kit: sky130B
[INFO]: Standard Cell Library: sky130_fd_sc_hd
[INFO]: Optimization Standard Cell Library: sky130_fd_sc_hd
[WARNING]: DIODE_INSERTION_STRATEGY is now deprecated; use GRT_REPAIR_ANTENNAS, DIODE_ON_PORTS and RUN_HEURISTIC_DIODE_INSERTION instead.
[INFO]: DIODE_INSERTION_STRATEGY set to 3. Setting GRT_REPAIR_ANTENNAS to 1
[INFO]: Run Directory: /home/yashwanth/aurora_v1/openlane/rocket/rocket_tile/runs/rt1
[INFO]: Saving runtime environment...
[INFO]: Preparing LEF files for the nom corner...
[INFO]: Preparing LEF files for the min corner...
[INFO]: Preparing LEF files for the max corner...
[STEP 1]
[INFO]: Running Synthesis (log: ../home/yashwanth/aurora_v1/openlane/rocket/rocket_tile/runs/rt1/logs/synthesis/1-synthesis.log)...
[ERROR]: Yosys checks have failed: Encountered check error:
Warning: Wire Frontend.\gpa [39] is used but has no driver.

Encountered check error:
Warning: Wire Frontend.\gpa [38] is used but has no driver.

Encountered check error:
Warning: Wire Frontend.\gpa [37] is used but has no driver.

Encountered check error:
Warning: Wire Frontend.\gpa [36] is used but has no driver.

Encountered check error:
Warning: Wire Frontend.\gpa [35] is used but has no driver.

Encountered check error:
Warning: Wire Frontend.\gpa [34] is used but has no driver.

Encountered check error:
Warning: Wire Frontend.\gpa [33] is used but has no driver.

Encountered check error:
Warning: Wire Frontend.\gpa [32] is used but has no driver.

Encountered check error:
Warning: Wire Frontend.\gpa [31] is used but has no driver.

Encountered check error:
Warning: Wire Frontend.\gpa [30] is used but has no driver.

Encountered check error:
Warning: Wire Frontend.\gpa [29] is used but has no driver.

Encountered check error:
Warning: Wire Frontend.\gpa [28] is used but has no driver.

Encountered check error:
Warning: Wire Frontend.\gpa [27] is used but has no driver.

Encountered check error:
Warning: Wire Frontend.\gpa [26] is used but has no driver.

Encountered check error:
Warning: Wire Frontend.\gpa [25] is used but has no driver.

Encountered check error:
Warning: Wire Frontend.\gpa [24] is used but has no driver.

Encountered check error:
Warning: Wire Frontend.\gpa [23] is used but has no driver.

Encountered check error:
Warning: Wire Frontend.\gpa [22] is used but has no driver.

Encountered check error:
Warning: Wire Frontend.\gpa [21] is used but has no driver.

Encountered check error:
Warning: Wire Frontend.\gpa [20] is used but has no driver.

Encountered check error:
Warning: Wire Frontend.\gpa [19] is used but has no driver.

Encountered check error:
Warning: Wire Frontend.\gpa [18] is used but has no driver.

Encountered check error:
Warning: Wire Frontend.\gpa [17] is used but has no driver.

Encountered check error:
Warning: Wire Frontend.\gpa [16] is used but has no driver.

Encountered check error:
Warning: Wire Frontend.\gpa [15] is used but has no driver.

Encountered check error:
Warning: Wire Frontend.\gpa [14] is used but has no driver.

Encountered check error:
Warning: Wire Frontend.\gpa [13] is used but has no driver.

Encountered check error:
Warning: Wire Frontend.\gpa [12] is used but has no driver.

Encountered check error:
Warning: Wire Frontend.\gpa [11] is used but has no driver.

Encountered check error:
Warning: Wire Frontend.\gpa [10] is used but has no driver.

Encountered check error:
Warning: Wire Frontend.\gpa [9] is used but has no driver.

Encountered check error:
Warning: Wire Frontend.\gpa [8] is used but has no driver.

Encountered check error:
Warning: Wire Frontend.\gpa [7] is used but has no driver.

Encountered check error:
Warning: Wire Frontend.\gpa [6] is used but has no driver.

Encountered check error:
Warning: Wire Frontend.\gpa [5] is used but has no driver.

Encountered check error:
Warning: Wire Frontend.\gpa [4] is used but has no driver.

Encountered check error:
Warning: Wire Frontend.\gpa [3] is used but has no driver.

Encountered check error:
Warning: Wire Frontend.\gpa [2] is used but has no driver.

Encountered check error:
Warning: Wire Frontend.\gpa [1] is used but has no driver.

Encountered check error:
Warning: Wire Frontend.\gpa [0] is used but has no driver.

Encountered check error:
Warning: Wire Frontend.\gpa_is_pte is used but has no driver.

child process exited abnormally
[ERROR]: See the full report here: ../home/yashwanth/aurora_v1/openlane/rocket/rocket_tile/runs/rt1/reports/synthesis/1-synthesis_pre_synth.chk.rpt
[ERROR]: Step 1 (synthesis) failed with error:
-code 1 -level 0 -errorcode NONE -errorinfo {
    while executing
"throw_error"
    (procedure "check_synth_misc" line 17)
    invoked from within
"check_synth_misc $report"
    (procedure "run_synthesis_checkers" line 5)
    invoked from within
"run_synthesis_checkers $log $pre_synth_report"
    (procedure "run_synthesis" line 19)
    invoked from within
"run_synthesis"} -errorline 1
[INFO]: Saving current set of views in '../home/yashwanth/aurora_v1/openlane/rocket/rocket_tile/runs/rt1/results/final'...
[INFO]: Generating final set of reports...
[INFO]: Created manufacturability report at '../home/yashwanth/aurora_v1/openlane/rocket/rocket_tile/runs/rt1/reports/manufacturability.rpt'.
[INFO]: Created metrics report at '../home/yashwanth/aurora_v1/openlane/rocket/rocket_tile/runs/rt1/reports/metrics.csv'.
[INFO]: Saving runtime environment...
[ERROR]: Flow failed.
