OpenLane v1.0.2 (ff5509f65b17bfa4068d5336495ab1718987ff69)
All rights reserved. (c) 2020-2025 Efabless Corporation and contributors.
Available under the Apache License, version 2.0. See the LICENSE file for more details.

[INFO]: Using configuration in '../home/yashwanth/aurora_v1/openlane/rocket/rocket_tile/config.json'...
[INFO]: PDK Root: /home/yashwanth/ciel/sky130/versions/0fe599b2afb6708d281543108caf8310912f54af
[INFO]: Process Design Kit: sky130B
[INFO]: Standard Cell Library: sky130_fd_sc_hd
[INFO]: Optimization Standard Cell Library: sky130_fd_sc_hd
[WARNING]: DIODE_INSERTION_STRATEGY is now deprecated; use GRT_REPAIR_ANTENNAS, DIODE_ON_PORTS and RUN_HEURISTIC_DIODE_INSERTION instead.
[INFO]: DIODE_INSERTION_STRATEGY set to 3. Setting GRT_REPAIR_ANTENNAS to 1
[INFO]: Run Directory: /home/yashwanth/aurora_v1/openlane/rocket/rocket_tile/runs/rt7
[INFO]: Saving runtime environment...
[INFO]: Preparing LEF files for the nom corner...
[INFO]: Preparing LEF files for the min corner...
[INFO]: Preparing LEF files for the max corner...
[STEP 1]
[INFO]: Running Initial Floorplanning (log: ../home/yashwanth/aurora_v1/openlane/rocket/rocket_tile/runs/rt7/logs/floorplan/1-initial_fp.log)...
[INFO]: Floorplanned with width 6959.34 and height 2556.8.
[STEP 2]
[INFO]: Running IO Placement...
[STEP 3]
[INFO]: Performing Manual Macro Placement (log: ../home/yashwanth/aurora_v1/openlane/rocket/rocket_tile/runs/rt7/logs/placement/3-macro_placement.log)...
[STEP 4]
[INFO]: Running Tap/Decap Insertion (log: ../home/yashwanth/aurora_v1/openlane/rocket/rocket_tile/runs/rt7/logs/floorplan/4-tap.log)...
[INFO]: Power planning with power {VPWR} and ground {VGND}...
[STEP 5]
[INFO]: Generating PDN (log: ../home/yashwanth/aurora_v1/openlane/rocket/rocket_tile/runs/rt7/logs/floorplan/5-pdn.log)...
[STEP 6]
[INFO]: Running Global Placement (log: ../home/yashwanth/aurora_v1/openlane/rocket/rocket_tile/runs/rt7/logs/placement/6-global.log)...
[STEP 7]
[INFO]: Running Single-Corner Static Timing Analysis (log: ../home/yashwanth/aurora_v1/openlane/rocket/rocket_tile/runs/rt7/logs/placement/7-gpl_sta.log)...
[STEP 8]
[INFO]: Running Placement Resizer Design Optimizations (log: ../home/yashwanth/aurora_v1/openlane/rocket/rocket_tile/runs/rt7/logs/placement/8-resizer.log)...
[STEP 9]
[INFO]: Running Detailed Placement (log: ../home/yashwanth/aurora_v1/openlane/rocket/rocket_tile/runs/rt7/logs/placement/9-detailed.log)...
[STEP 10]
[INFO]: Running Single-Corner Static Timing Analysis (log: ../home/yashwanth/aurora_v1/openlane/rocket/rocket_tile/runs/rt7/logs/placement/10-dpl_sta.log)...
[STEP 11]
[INFO]: Running Clock Tree Synthesis (log: ../home/yashwanth/aurora_v1/openlane/rocket/rocket_tile/runs/rt7/logs/cts/11-cts.log)...
[STEP 12]
[INFO]: Running Single-Corner Static Timing Analysis (log: ../home/yashwanth/aurora_v1/openlane/rocket/rocket_tile/runs/rt7/logs/cts/12-cts_sta.log)...
[STEP 13]
[INFO]: Running Placement Resizer Timing Optimizations (log: ../home/yashwanth/aurora_v1/openlane/rocket/rocket_tile/runs/rt7/logs/cts/13-resizer.log)...
[STEP 14]
[INFO]: Running Global Routing Resizer Design Optimizations (log: ../home/yashwanth/aurora_v1/openlane/rocket/rocket_tile/runs/rt7/logs/routing/14-resizer_design.log)...
[STEP 15]
[INFO]: Running Single-Corner Static Timing Analysis (log: ../home/yashwanth/aurora_v1/openlane/rocket/rocket_tile/runs/rt7/logs/routing/15-rsz_design_sta.log)...
[STEP 16]
[INFO]: Running Global Routing Resizer Timing Optimizations (log: ../home/yashwanth/aurora_v1/openlane/rocket/rocket_tile/runs/rt7/logs/routing/16-resizer_timing.log)...
[STEP 17]
[INFO]: Running Single-Corner Static Timing Analysis (log: ../home/yashwanth/aurora_v1/openlane/rocket/rocket_tile/runs/rt7/logs/routing/17-rsz_timing_sta.log)...
[STEP 18]
[INFO]: Running Global Routing (log: ../home/yashwanth/aurora_v1/openlane/rocket/rocket_tile/runs/rt7/logs/routing/18-global.log)...
[INFO]: Starting OpenROAD Antenna Repair Iterations...
[INFO]: Starting antenna repair iteration 1 with 4 violations...
[INFO]: [Iteration 1] Failed to reduce antenna violations (4 -> 4), stopping iterations...
[STEP 19]
[INFO]: Writing Verilog (log: ../home/yashwanth/aurora_v1/openlane/rocket/rocket_tile/runs/rt7/logs/routing/18-global_write_netlist.log)...
[STEP 20]
[INFO]: Running Single-Corner Static Timing Analysis (log: ../home/yashwanth/aurora_v1/openlane/rocket/rocket_tile/runs/rt7/logs/routing/20-grt_sta.log)...
[STEP 21]
[INFO]: Running Fill Insertion (log: ../home/yashwanth/aurora_v1/openlane/rocket/rocket_tile/runs/rt7/logs/routing/21-fill.log)...
[STEP 22]
[INFO]: Running Detailed Routing (log: ../home/yashwanth/aurora_v1/openlane/rocket/rocket_tile/runs/rt7/logs/routing/22-detailed.log)...
[INFO]: No DRC violations after detailed routing.
[STEP 23]
[INFO]: Checking Wire Lengths (log: ../home/yashwanth/aurora_v1/openlane/rocket/rocket_tile/runs/rt7/logs/routing/23-wire_lengths.log)...
[STEP 24]
[INFO]: Running SPEF Extraction at the min process corner (log: ../home/yashwanth/aurora_v1/openlane/rocket/rocket_tile/runs/rt7/logs/signoff/24-parasitics_extraction.min.log)...
[STEP 25]
[INFO]: Running Multi-Corner Static Timing Analysis at the min process corner (log: ../home/yashwanth/aurora_v1/openlane/rocket/rocket_tile/runs/rt7/logs/signoff/25-rcx_mcsta.min.log)...
[STEP 26]
[INFO]: Running SPEF Extraction at the max process corner (log: ../home/yashwanth/aurora_v1/openlane/rocket/rocket_tile/runs/rt7/logs/signoff/26-parasitics_extraction.max.log)...
[STEP 27]
[INFO]: Running Multi-Corner Static Timing Analysis at the max process corner (log: ../home/yashwanth/aurora_v1/openlane/rocket/rocket_tile/runs/rt7/logs/signoff/27-rcx_mcsta.max.log)...
[STEP 28]
[INFO]: Running SPEF Extraction at the nom process corner (log: ../home/yashwanth/aurora_v1/openlane/rocket/rocket_tile/runs/rt7/logs/signoff/28-parasitics_extraction.nom.log)...
[STEP 29]
[INFO]: Running Multi-Corner Static Timing Analysis at the nom process corner (log: ../home/yashwanth/aurora_v1/openlane/rocket/rocket_tile/runs/rt7/logs/signoff/29-rcx_mcsta.nom.log)...
[STEP 30]
[INFO]: Running Single-Corner Static Timing Analysis at the nom process corner (log: ../home/yashwanth/aurora_v1/openlane/rocket/rocket_tile/runs/rt7/logs/signoff/30-rcx_sta.log)...
[WARNING]: Module sky130_sram_2kbyte_1rw1r_32x512_8 blackboxed during sta
[WARNING]: Module sky130_fd_sc_hd__tapvpwrvgnd_1 blackboxed during sta
[WARNING]: Module sky130_fd_sc_hd__fill_1 blackboxed during sta
[WARNING]: Module sky130_ef_sc_hd__decap_12 blackboxed during sta
[WARNING]: Module sky130_fd_sc_hd__fill_2 blackboxed during sta
[STEP 31]
[INFO]: Running Magic to generate various views...
[INFO]: Streaming out GDSII with Magic (log: ../home/yashwanth/aurora_v1/openlane/rocket/rocket_tile/runs/rt7/logs/signoff/31-gdsii.log)...
[INFO]: Generating MAGLEF views...
[INFO]: Generating lef with Magic (/home/yashwanth/aurora_v1/openlane/rocket/rocket_tile/runs/rt7/logs/signoff/31-lef.log)...
[STEP 32]
[INFO]: Running Magic DRC (log: ../home/yashwanth/aurora_v1/openlane/rocket/rocket_tile/runs/rt7/logs/signoff/32-drc.log)...
[ERROR]: during executing magic script /openlane/scripts/magic/wrapper.tcl
[ERROR]: Log: ../home/yashwanth/aurora_v1/openlane/rocket/rocket_tile/runs/rt7/logs/signoff/32-drc.log
[ERROR]: Last 10 lines:
    1405000 uses
    1410000 uses
    1415000 uses
    1420000 uses
    1425000 uses
[INFO]: Loading RocketTile

DRC style is now "drc(full)"
Loading DRC CIF style.
child killed: kill signal

[ERROR]: Creating issue reproducible...
[INFO]: Saving runtime environment...
OpenLane TCL Issue Packager

EFABLESS CORPORATION AND ALL AUTHORS OF THE OPENLANE PROJECT SHALL NOT BE HELD
LIABLE FOR ANY LEAKS THAT MAY OCCUR TO ANY PROPRIETARY DATA AS A RESULT OF USING
THIS SCRIPT. THIS SCRIPT IS PROVIDED ON AN "AS IS" BASIS, WITHOUT WARRANTIES OR
CONDITIONS OF ANY KIND.

BY USING THIS SCRIPT, YOU ACKNOWLEDGE THAT YOU FULLY UNDERSTAND THIS DISCLAIMER
AND ALL IT ENTAILS.

Parsing config file(s)…
Setting up /home/yashwanth/aurora_v1/openlane/rocket/rocket_tile/runs/rt7/issue_reproducible…
Done.
[INFO]: Reproducible packaged: Please tarball and upload '../home/yashwanth/aurora_v1/openlane/rocket/rocket_tile/runs/rt7/issue_reproducible' if you're going to submit an issue.

[STEP 33]
[INFO]: Running Magic Spice Export from LEF (log: ../home/yashwanth/aurora_v1/openlane/rocket/rocket_tile/runs/rt7/logs/signoff/33-spice.log)...
[STEP 34]
[INFO]: Writing Powered Verilog (logs: ../home/yashwanth/aurora_v1/openlane/rocket/rocket_tile/runs/rt7/logs/signoff/34-write_powered_def.log, ../home/yashwanth/aurora_v1/openlane/rocket/rocket_tile/runs/rt7/logs/signoff/34-write_powered_verilog.log)...
[STEP 35]
[INFO]: Writing Verilog (log: ../home/yashwanth/aurora_v1/openlane/rocket/rocket_tile/runs/rt7/logs/signoff/34-write_powered_verilog.log)...
[STEP 36]
[INFO]: Running LVS (log: ../home/yashwanth/aurora_v1/openlane/rocket/rocket_tile/runs/rt7/logs/signoff/36-lvs.lef.log)...
